+ cd /home/caregnatog/VisionExplainability/CNN
+ source /home/caregnatog/venvs/VisionExpainability/bin/activate
++ deactivate nondestructive
++ '[' -n '' ']'
++ '[' -n '' ']'
++ '[' -n /bin/bash -o -n '' ']'
++ hash -r
++ '[' -n '' ']'
++ unset VIRTUAL_ENV
++ '[' '!' nondestructive = nondestructive ']'
++ VIRTUAL_ENV=/home/caregnatog/venvs/VisionExpainability
++ export VIRTUAL_ENV
++ _OLD_VIRTUAL_PATH=/usr/share/Modules/bin:/usr/local/cuda/bin:/home/caregnatog/venvs/VisionExpainability/bin:/bin:/usr/local/bin:/usr/bin:/usr/local/sbin:/usr/sbin:/nfsd/local/common/bin
++ PATH=/home/caregnatog/venvs/VisionExpainability/bin:/usr/share/Modules/bin:/usr/local/cuda/bin:/home/caregnatog/venvs/VisionExpainability/bin:/bin:/usr/local/bin:/usr/bin:/usr/local/sbin:/usr/sbin:/nfsd/local/common/bin
++ export PATH
++ '[' -n '' ']'
++ '[' -z '' ']'
++ _OLD_VIRTUAL_PS1=
++ '[' 'x(VisionExpainability) ' '!=' x ']'
++ PS1='(VisionExpainability) '
++ export PS1
++ '[' -n /bin/bash -o -n '' ']'
++ hash -r
++ date
+ echo 'Job started at: Thu Nov 13 18:39:02 CET 2025'
++ hostname
+ echo 'Running on host: gpu5.dei.unipd.it'
+ echo 'Node list: gpu5'
+ echo 'Job ID: 3472879'
+ echo 'PATH: /home/caregnatog/venvs/VisionExpainability/bin:/usr/share/Modules/bin:/usr/local/cuda/bin:/home/caregnatog/venvs/VisionExpainability/bin:/bin:/usr/local/bin:/usr/bin:/usr/local/sbin:/usr/sbin:/nfsd/local/common/bin'
++ which python3
++ alias
++ eval declare -f
+++ declare -f
++ /usr/bin/which --tty-only --read-alias --read-functions --show-tilde --show-dot python3
+ echo 'Python in use: /home/caregnatog/venvs/VisionExpainability/bin/python3'
+ python3 --version
+ srun singularity exec --nv /nfsd/opt/sif-images/tensorflow_latest-gpu-new.sif python explainability.py
Traceback (most recent call last):
  File "/home/caregnatog/VisionExplainability/CNN/explainability.py", line 22, in <module>
    from pytorch_grad_cam import GradCAM, ScoreCAM, AblationCAM
ModuleNotFoundError: No module named 'pytorch_grad_cam'
srun: error: gpu5: task 0: Exited with exit code 1
++ date
+ echo 'Job finished at: Thu Nov 13 18:39:14 CET 2025'
+ echo 'SLURM Job ID: 3472879'
+ echo 'Running on hosts: gpu5'
