+ cd /home/caregnatog/VisionExplainability/CNN
++ date
+ echo 'Job started at: Thu Nov 13 18:11:27 CET 2025'
++ hostname
+ echo 'Running on host: gpu5.dei.unipd.it'
+ echo 'Node list: gpu5'
+ echo 'Job ID: 3472874'
+ echo 'PATH: /usr/share/Modules/bin:/usr/local/cuda/bin:/home/caregnatog/venvs/VisionExpainability/bin:/bin:/usr/local/bin:/usr/bin:/usr/local/sbin:/usr/sbin:/nfsd/local/common/bin'
+ source /home/caregnatog/venvs/VisionExplainability/bin/activate
/var/spool/slurm/d/job3472874/slurm_script: line 41: /home/caregnatog/venvs/VisionExplainability/bin/activate: No such file or directory
++ which python3
++ alias
++ eval declare -f
+++ declare -f
++ /usr/bin/which --tty-only --read-alias --read-functions --show-tilde --show-dot python3
+ echo 'Python in use: /home/caregnatog/venvs/VisionExpainability/bin/python3'
+ python3 --version
+ srun python3 explainability.py
Traceback (most recent call last):
  File "/home/caregnatog/VisionExplainability/CNN/explainability.py", line 17, in <module>
    import heatmap_similarity_metrices as hsm
  File "/home/caregnatog/VisionExplainability/heatmap_similarity_metrices.py", line 1, in <module>
    import numpy as np
ModuleNotFoundError: No module named 'numpy'
srun: error: gpu5: task 0: Exited with exit code 1
++ date
+ echo 'Job finished at: Thu Nov 13 18:11:27 CET 2025'
+ echo 'SLURM Job ID: 3472874'
+ echo 'Running on hosts: gpu5'
