Job started at: Thu Nov 13 20:03:25 CET 2025
Running on host: gpu5.dei.unipd.it
Requirement already satisfied: pip in /home/caregnatog/.local/lib/python3.10/site-packages (25.3)
Collecting addict==2.4.0 (from -r /home/caregnatog/VisionExplainability/requirements.txt (line 1))
  Downloading addict-2.4.0-py3-none-any.whl.metadata (1.0 kB)
Collecting aiohttp==3.9.1 (from -r /home/caregnatog/VisionExplainability/requirements.txt (line 2))
  Downloading aiohttp-3.9.1-cp310-cp310-manylinux_2_17_x86_64.manylinux2014_x86_64.whl.metadata (7.4 kB)
Collecting aiosignal==1.3.1 (from -r /home/caregnatog/VisionExplainability/requirements.txt (line 3))
  Downloading aiosignal-1.3.1-py3-none-any.whl.metadata (4.0 kB)
Collecting alembic==1.13.0 (from -r /home/caregnatog/VisionExplainability/requirements.txt (line 4))
  Downloading alembic-1.13.0-py3-none-any.whl.metadata (7.4 kB)
Collecting anyio==4.11.0 (from -r /home/caregnatog/VisionExplainability/requirements.txt (line 5))
  Downloading anyio-4.11.0-py3-none-any.whl.metadata (4.1 kB)
Collecting argon2-cffi==25.1.0 (from -r /home/caregnatog/VisionExplainability/requirements.txt (line 6))
  Downloading argon2_cffi-25.1.0-py3-none-any.whl.metadata (4.1 kB)
Collecting argon2-cffi-bindings==25.1.0 (from -r /home/caregnatog/VisionExplainability/requirements.txt (line 7))
  Downloading argon2_cffi_bindings-25.1.0-cp39-abi3-manylinux_2_26_x86_64.manylinux_2_28_x86_64.whl.metadata (7.4 kB)
Collecting arrow==1.4.0 (from -r /home/caregnatog/VisionExplainability/requirements.txt (line 8))
  Downloading arrow-1.4.0-py3-none-any.whl.metadata (7.7 kB)
Collecting asttokens==3.0.0 (from -r /home/caregnatog/VisionExplainability/requirements.txt (line 9))
  Downloading asttokens-3.0.0-py3-none-any.whl.metadata (4.7 kB)
Collecting async-lru==2.0.5 (from -r /home/caregnatog/VisionExplainability/requirements.txt (line 10))
  Downloading async_lru-2.0.5-py3-none-any.whl.metadata (4.5 kB)
Collecting async-timeout==4.0.3 (from -r /home/caregnatog/VisionExplainability/requirements.txt (line 11))
  Downloading async_timeout-4.0.3-py3-none-any.whl.metadata (4.2 kB)
Requirement already satisfied: attrs==23.1.0 in /opt/conda/lib/python3.10/site-packages (from -r /home/caregnatog/VisionExplainability/requirements.txt (line 12)) (23.1.0)
Collecting babel==2.17.0 (from -r /home/caregnatog/VisionExplainability/requirements.txt (line 13))
  Downloading babel-2.17.0-py3-none-any.whl.metadata (2.0 kB)
Collecting beautifulsoup4==4.14.2 (from -r /home/caregnatog/VisionExplainability/requirements.txt (line 14))
  Downloading beautifulsoup4-4.14.2-py3-none-any.whl.metadata (3.8 kB)
Collecting bleach==6.2.0 (from -r /home/caregnatog/VisionExplainability/requirements.txt (line 15))
  Downloading bleach-6.2.0-py3-none-any.whl.metadata (30 kB)
Collecting blinker==1.7.0 (from -r /home/caregnatog/VisionExplainability/requirements.txt (line 16))
  Downloading blinker-1.7.0-py3-none-any.whl.metadata (1.9 kB)
Collecting captum==0.8.0 (from -r /home/caregnatog/VisionExplainability/requirements.txt (line 17))
  Downloading captum-0.8.0-py3-none-any.whl.metadata (26 kB)
Collecting certifi==2023.11.17 (from -r /home/caregnatog/VisionExplainability/requirements.txt (line 18))
  Downloading certifi-2023.11.17-py3-none-any.whl.metadata (2.2 kB)
Collecting cffi==2.0.0 (from -r /home/caregnatog/VisionExplainability/requirements.txt (line 19))
  Downloading cffi-2.0.0-cp310-cp310-manylinux2014_x86_64.manylinux_2_17_x86_64.whl.metadata (2.6 kB)
Collecting charset-normalizer==3.3.2 (from -r /home/caregnatog/VisionExplainability/requirements.txt (line 20))
  Downloading charset_normalizer-3.3.2-cp310-cp310-manylinux_2_17_x86_64.manylinux2014_x86_64.whl.metadata (33 kB)
Requirement already satisfied: click==8.1.7 in /opt/conda/lib/python3.10/site-packages (from -r /home/caregnatog/VisionExplainability/requirements.txt (line 21)) (8.1.7)
Collecting cloudpickle==3.0.0 (from -r /home/caregnatog/VisionExplainability/requirements.txt (line 22))
  Downloading cloudpickle-3.0.0-py3-none-any.whl.metadata (7.0 kB)
Collecting comm==0.2.3 (from -r /home/caregnatog/VisionExplainability/requirements.txt (line 23))
  Downloading comm-0.2.3-py3-none-any.whl.metadata (3.7 kB)
Collecting contourpy==1.2.0 (from -r /home/caregnatog/VisionExplainability/requirements.txt (line 24))
  Downloading contourpy-1.2.0-cp310-cp310-manylinux_2_17_x86_64.manylinux2014_x86_64.whl.metadata (5.8 kB)
Collecting cycler==0.12.1 (from -r /home/caregnatog/VisionExplainability/requirements.txt (line 25))
  Downloading cycler-0.12.1-py3-none-any.whl.metadata (3.8 kB)
Collecting databricks-cli==0.18.0 (from -r /home/caregnatog/VisionExplainability/requirements.txt (line 26))
  Downloading databricks_cli-0.18.0-py2.py3-none-any.whl.metadata (4.0 kB)
Collecting datasets==2.14.5 (from -r /home/caregnatog/VisionExplainability/requirements.txt (line 27))
  Downloading datasets-2.14.5-py3-none-any.whl.metadata (19 kB)
Collecting debugpy==1.8.17 (from -r /home/caregnatog/VisionExplainability/requirements.txt (line 28))
  Downloading debugpy-1.8.17-cp310-cp310-manylinux_2_34_x86_64.whl.metadata (1.4 kB)
Collecting decorator==5.2.1 (from -r /home/caregnatog/VisionExplainability/requirements.txt (line 29))
  Downloading decorator-5.2.1-py3-none-any.whl.metadata (3.9 kB)
Collecting defusedxml==0.7.1 (from -r /home/caregnatog/VisionExplainability/requirements.txt (line 30))
  Downloading defusedxml-0.7.1-py2.py3-none-any.whl.metadata (32 kB)
Collecting dill==0.3.7 (from -r /home/caregnatog/VisionExplainability/requirements.txt (line 31))
  Downloading dill-0.3.7-py3-none-any.whl.metadata (9.9 kB)
Collecting docker==6.1.3 (from -r /home/caregnatog/VisionExplainability/requirements.txt (line 32))
  Downloading docker-6.1.3-py3-none-any.whl.metadata (3.5 kB)
Collecting einops==0.7.0 (from -r /home/caregnatog/VisionExplainability/requirements.txt (line 33))
  Downloading einops-0.7.0-py3-none-any.whl.metadata (13 kB)
Collecting entrypoints==0.4 (from -r /home/caregnatog/VisionExplainability/requirements.txt (line 34))
  Downloading entrypoints-0.4-py3-none-any.whl.metadata (2.6 kB)
Collecting exceptiongroup==1.3.0 (from -r /home/caregnatog/VisionExplainability/requirements.txt (line 35))
  Downloading exceptiongroup-1.3.0-py3-none-any.whl.metadata (6.7 kB)
Collecting executing==2.2.1 (from -r /home/caregnatog/VisionExplainability/requirements.txt (line 36))
  Downloading executing-2.2.1-py2.py3-none-any.whl.metadata (8.9 kB)
Collecting fastjsonschema==2.21.2 (from -r /home/caregnatog/VisionExplainability/requirements.txt (line 37))
  Downloading fastjsonschema-2.21.2-py3-none-any.whl.metadata (2.3 kB)
Requirement already satisfied: filelock==3.13.1 in /opt/conda/lib/python3.10/site-packages (from -r /home/caregnatog/VisionExplainability/requirements.txt (line 38)) (3.13.1)
Collecting Flask==3.0.0 (from -r /home/caregnatog/VisionExplainability/requirements.txt (line 39))
  Downloading flask-3.0.0-py3-none-any.whl.metadata (3.6 kB)
Collecting fonttools==4.46.0 (from -r /home/caregnatog/VisionExplainability/requirements.txt (line 40))
  Downloading fonttools-4.46.0-cp310-cp310-manylinux_2_17_x86_64.manylinux2014_x86_64.whl.metadata (156 kB)
Collecting fqdn==1.5.1 (from -r /home/caregnatog/VisionExplainability/requirements.txt (line 41))
  Downloading fqdn-1.5.1-py3-none-any.whl.metadata (1.4 kB)
Collecting frozenlist==1.4.0 (from -r /home/caregnatog/VisionExplainability/requirements.txt (line 42))
  Downloading frozenlist-1.4.0-cp310-cp310-manylinux_2_5_x86_64.manylinux1_x86_64.manylinux_2_17_x86_64.manylinux2014_x86_64.whl.metadata (5.2 kB)
Collecting fsspec==2023.6.0 (from -r /home/caregnatog/VisionExplainability/requirements.txt (line 43))
  Downloading fsspec-2023.6.0-py3-none-any.whl.metadata (6.7 kB)
Collecting gitdb==4.0.11 (from -r /home/caregnatog/VisionExplainability/requirements.txt (line 44))
  Downloading gitdb-4.0.11-py3-none-any.whl.metadata (1.2 kB)
Collecting GitPython==3.1.40 (from -r /home/caregnatog/VisionExplainability/requirements.txt (line 45))
  Downloading GitPython-3.1.40-py3-none-any.whl.metadata (12 kB)
Collecting grad-cam==1.5.5 (from -r /home/caregnatog/VisionExplainability/requirements.txt (line 46))
  Downloading grad-cam-1.5.5.tar.gz (7.8 MB)
     ━━━━━━━━━━━━━━━━━━━━━━━━━━━━━━━━━━━━━━━━ 7.8/7.8 MB 38.4 MB/s  0:00:00
  Installing build dependencies: started
  Installing build dependencies: finished with status 'done'
  Getting requirements to build wheel: started
  Getting requirements to build wheel: finished with status 'done'
  Preparing metadata (pyproject.toml): started
  Preparing metadata (pyproject.toml): finished with status 'done'
Collecting greenlet==3.0.2 (from -r /home/caregnatog/VisionExplainability/requirements.txt (line 47))
  Downloading greenlet-3.0.2-cp310-cp310-manylinux_2_24_x86_64.manylinux_2_28_x86_64.whl.metadata (3.7 kB)
Collecting gunicorn==21.2.0 (from -r /home/caregnatog/VisionExplainability/requirements.txt (line 48))
  Downloading gunicorn-21.2.0-py3-none-any.whl.metadata (4.1 kB)
Collecting h11==0.16.0 (from -r /home/caregnatog/VisionExplainability/requirements.txt (line 49))
  Downloading h11-0.16.0-py3-none-any.whl.metadata (8.3 kB)
Collecting httpcore==1.0.9 (from -r /home/caregnatog/VisionExplainability/requirements.txt (line 50))
  Downloading httpcore-1.0.9-py3-none-any.whl.metadata (21 kB)
Collecting httpx==0.28.1 (from -r /home/caregnatog/VisionExplainability/requirements.txt (line 51))
  Downloading httpx-0.28.1-py3-none-any.whl.metadata (7.1 kB)
Collecting huggingface-hub==0.19.4 (from -r /home/caregnatog/VisionExplainability/requirements.txt (line 52))
  Downloading huggingface_hub-0.19.4-py3-none-any.whl.metadata (14 kB)
Collecting idna==3.6 (from -r /home/caregnatog/VisionExplainability/requirements.txt (line 53))
  Downloading idna-3.6-py3-none-any.whl.metadata (9.9 kB)
Collecting importlib-metadata==7.0.0 (from -r /home/caregnatog/VisionExplainability/requirements.txt (line 54))
  Downloading importlib_metadata-7.0.0-py3-none-any.whl.metadata (4.9 kB)
Collecting ipykernel==7.0.1 (from -r /home/caregnatog/VisionExplainability/requirements.txt (line 55))
  Downloading ipykernel-7.0.1-py3-none-any.whl.metadata (4.5 kB)
Collecting ipython==8.37.0 (from -r /home/caregnatog/VisionExplainability/requirements.txt (line 56))
  Downloading ipython-8.37.0-py3-none-any.whl.metadata (5.1 kB)
Collecting ipywidgets==8.1.7 (from -r /home/caregnatog/VisionExplainability/requirements.txt (line 57))
  Downloading ipywidgets-8.1.7-py3-none-any.whl.metadata (2.4 kB)
Collecting isoduration==20.11.0 (from -r /home/caregnatog/VisionExplainability/requirements.txt (line 58))
  Downloading isoduration-20.11.0-py3-none-any.whl.metadata (5.7 kB)
Collecting itsdangerous==2.1.2 (from -r /home/caregnatog/VisionExplainability/requirements.txt (line 59))
  Downloading itsdangerous-2.1.2-py3-none-any.whl.metadata (2.9 kB)
Collecting jedi==0.19.2 (from -r /home/caregnatog/VisionExplainability/requirements.txt (line 60))
  Downloading jedi-0.19.2-py2.py3-none-any.whl.metadata (22 kB)
Collecting Jinja2==3.1.2 (from -r /home/caregnatog/VisionExplainability/requirements.txt (line 61))
  Downloading Jinja2-3.1.2-py3-none-any.whl.metadata (3.5 kB)
Collecting joblib==1.3.2 (from -r /home/caregnatog/VisionExplainability/requirements.txt (line 62))
  Downloading joblib-1.3.2-py3-none-any.whl.metadata (5.4 kB)
Collecting json5==0.12.1 (from -r /home/caregnatog/VisionExplainability/requirements.txt (line 63))
  Downloading json5-0.12.1-py3-none-any.whl.metadata (36 kB)
Collecting jsonpointer==3.0.0 (from -r /home/caregnatog/VisionExplainability/requirements.txt (line 64))
  Downloading jsonpointer-3.0.0-py2.py3-none-any.whl.metadata (2.3 kB)
Collecting jsonschema==4.25.1 (from -r /home/caregnatog/VisionExplainability/requirements.txt (line 65))
  Downloading jsonschema-4.25.1-py3-none-any.whl.metadata (7.6 kB)
Collecting jsonschema-specifications==2025.9.1 (from -r /home/caregnatog/VisionExplainability/requirements.txt (line 66))
  Downloading jsonschema_specifications-2025.9.1-py3-none-any.whl.metadata (2.9 kB)
Collecting jupyter==1.1.1 (from -r /home/caregnatog/VisionExplainability/requirements.txt (line 67))
  Downloading jupyter-1.1.1-py2.py3-none-any.whl.metadata (2.0 kB)
Collecting jupyter-console==6.6.3 (from -r /home/caregnatog/VisionExplainability/requirements.txt (line 68))
  Downloading jupyter_console-6.6.3-py3-none-any.whl.metadata (5.8 kB)
Collecting jupyter-events==0.12.0 (from -r /home/caregnatog/VisionExplainability/requirements.txt (line 69))
  Downloading jupyter_events-0.12.0-py3-none-any.whl.metadata (5.8 kB)
Collecting jupyter-lsp==2.3.0 (from -r /home/caregnatog/VisionExplainability/requirements.txt (line 70))
  Downloading jupyter_lsp-2.3.0-py3-none-any.whl.metadata (1.8 kB)
Collecting jupyter_client==8.6.3 (from -r /home/caregnatog/VisionExplainability/requirements.txt (line 71))
  Downloading jupyter_client-8.6.3-py3-none-any.whl.metadata (8.3 kB)
Collecting jupyter_core==5.9.1 (from -r /home/caregnatog/VisionExplainability/requirements.txt (line 72))
  Downloading jupyter_core-5.9.1-py3-none-any.whl.metadata (1.5 kB)
Collecting jupyter_server==2.17.0 (from -r /home/caregnatog/VisionExplainability/requirements.txt (line 73))
  Downloading jupyter_server-2.17.0-py3-none-any.whl.metadata (8.5 kB)
Collecting jupyter_server_terminals==0.5.3 (from -r /home/caregnatog/VisionExplainability/requirements.txt (line 74))
  Downloading jupyter_server_terminals-0.5.3-py3-none-any.whl.metadata (5.6 kB)
Collecting jupyterlab==4.4.10 (from -r /home/caregnatog/VisionExplainability/requirements.txt (line 75))
  Downloading jupyterlab-4.4.10-py3-none-any.whl.metadata (16 kB)
Collecting jupyterlab_pygments==0.3.0 (from -r /home/caregnatog/VisionExplainability/requirements.txt (line 76))
  Downloading jupyterlab_pygments-0.3.0-py3-none-any.whl.metadata (4.4 kB)
Collecting jupyterlab_server==2.28.0 (from -r /home/caregnatog/VisionExplainability/requirements.txt (line 77))
  Downloading jupyterlab_server-2.28.0-py3-none-any.whl.metadata (5.9 kB)
Collecting jupyterlab_widgets==3.0.15 (from -r /home/caregnatog/VisionExplainability/requirements.txt (line 78))
  Downloading jupyterlab_widgets-3.0.15-py3-none-any.whl.metadata (20 kB)
Collecting kiwisolver==1.4.5 (from -r /home/caregnatog/VisionExplainability/requirements.txt (line 79))
  Downloading kiwisolver-1.4.5-cp310-cp310-manylinux_2_12_x86_64.manylinux2010_x86_64.whl.metadata (6.4 kB)
Collecting lark==1.3.0 (from -r /home/caregnatog/VisionExplainability/requirements.txt (line 80))
  Downloading lark-1.3.0-py3-none-any.whl.metadata (1.8 kB)
Collecting Mako==1.3.0 (from -r /home/caregnatog/VisionExplainability/requirements.txt (line 81))
  Downloading Mako-1.3.0-py3-none-any.whl.metadata (2.9 kB)
Collecting Markdown==3.5.1 (from -r /home/caregnatog/VisionExplainability/requirements.txt (line 82))
  Downloading Markdown-3.5.1-py3-none-any.whl.metadata (7.1 kB)
Requirement already satisfied: MarkupSafe==2.1.3 in /opt/conda/lib/python3.10/site-packages (from -r /home/caregnatog/VisionExplainability/requirements.txt (line 83)) (2.1.3)
Collecting matplotlib==3.8.2 (from -r /home/caregnatog/VisionExplainability/requirements.txt (line 84))
  Downloading matplotlib-3.8.2-cp310-cp310-manylinux_2_17_x86_64.manylinux2014_x86_64.whl.metadata (5.8 kB)
Collecting matplotlib-inline==0.2.1 (from -r /home/caregnatog/VisionExplainability/requirements.txt (line 85))
  Downloading matplotlib_inline-0.2.1-py3-none-any.whl.metadata (2.3 kB)
Collecting mistune==3.1.4 (from -r /home/caregnatog/VisionExplainability/requirements.txt (line 86))
  Downloading mistune-3.1.4-py3-none-any.whl.metadata (1.8 kB)
Collecting mlflow==2.9.1 (from -r /home/caregnatog/VisionExplainability/requirements.txt (line 87))
  Downloading mlflow-2.9.1-py3-none-any.whl.metadata (13 kB)
Collecting mmcv==1.3.8 (from -r /home/caregnatog/VisionExplainability/requirements.txt (line 88))
  Downloading mmcv-1.3.8.tar.gz (312 kB)
  Installing build dependencies: started
  Installing build dependencies: finished with status 'done'
  Getting requirements to build wheel: started
  Getting requirements to build wheel: finished with status 'done'
  Installing backend dependencies: started
  Installing backend dependencies: finished with status 'done'
  Preparing metadata (pyproject.toml): started
  Preparing metadata (pyproject.toml): finished with status 'done'
Collecting mmsegmentation==0.14.1 (from -r /home/caregnatog/VisionExplainability/requirements.txt (line 89))
  Downloading mmsegmentation-0.14.1-py3-none-any.whl.metadata (8.3 kB)
Requirement already satisfied: mpmath==1.3.0 in /opt/conda/lib/python3.10/site-packages (from -r /home/caregnatog/VisionExplainability/requirements.txt (line 90)) (1.3.0)
Collecting multidict==6.0.4 (from -r /home/caregnatog/VisionExplainability/requirements.txt (line 91))
  Downloading multidict-6.0.4-cp310-cp310-manylinux_2_17_x86_64.manylinux2014_x86_64.whl.metadata (4.1 kB)
Collecting multiprocess==0.70.15 (from -r /home/caregnatog/VisionExplainability/requirements.txt (line 92))
  Downloading multiprocess-0.70.15-py310-none-any.whl.metadata (7.2 kB)
Collecting nbclient==0.10.2 (from -r /home/caregnatog/VisionExplainability/requirements.txt (line 93))
  Downloading nbclient-0.10.2-py3-none-any.whl.metadata (8.3 kB)
Collecting nbconvert==7.16.6 (from -r /home/caregnatog/VisionExplainability/requirements.txt (line 94))
  Downloading nbconvert-7.16.6-py3-none-any.whl.metadata (8.5 kB)
Collecting nbformat==5.10.4 (from -r /home/caregnatog/VisionExplainability/requirements.txt (line 95))
  Downloading nbformat-5.10.4-py3-none-any.whl.metadata (3.6 kB)
Collecting nest-asyncio==1.6.0 (from -r /home/caregnatog/VisionExplainability/requirements.txt (line 96))
  Downloading nest_asyncio-1.6.0-py3-none-any.whl.metadata (2.8 kB)
Requirement already satisfied: networkx==3.2.1 in /opt/conda/lib/python3.10/site-packages (from -r /home/caregnatog/VisionExplainability/requirements.txt (line 97)) (3.2.1)
Collecting ninja==1.13.0 (from -r /home/caregnatog/VisionExplainability/requirements.txt (line 98))
  Downloading ninja-1.13.0-py3-none-manylinux2014_x86_64.manylinux_2_17_x86_64.whl.metadata (5.1 kB)
Collecting notebook==7.4.7 (from -r /home/caregnatog/VisionExplainability/requirements.txt (line 99))
  Downloading notebook-7.4.7-py3-none-any.whl.metadata (10 kB)
Collecting notebook_shim==0.2.4 (from -r /home/caregnatog/VisionExplainability/requirements.txt (line 100))
  Downloading notebook_shim-0.2.4-py3-none-any.whl.metadata (4.0 kB)
Collecting numpy==1.26.2 (from -r /home/caregnatog/VisionExplainability/requirements.txt (line 101))
  Downloading numpy-1.26.2-cp310-cp310-manylinux_2_17_x86_64.manylinux2014_x86_64.whl.metadata (61 kB)
Collecting oauthlib==3.2.2 (from -r /home/caregnatog/VisionExplainability/requirements.txt (line 102))
  Downloading oauthlib-3.2.2-py3-none-any.whl.metadata (7.5 kB)
Collecting opencv-python==4.8.1.78 (from -r /home/caregnatog/VisionExplainability/requirements.txt (line 103))
  Downloading opencv_python-4.8.1.78-cp37-abi3-manylinux_2_17_x86_64.manylinux2014_x86_64.whl.metadata (19 kB)
Collecting overrides==7.7.0 (from -r /home/caregnatog/VisionExplainability/requirements.txt (line 104))
  Downloading overrides-7.7.0-py3-none-any.whl.metadata (5.8 kB)
Requirement already satisfied: packaging==23.2 in /opt/conda/lib/python3.10/site-packages (from -r /home/caregnatog/VisionExplainability/requirements.txt (line 105)) (23.2)
Collecting pandas==2.1.3 (from -r /home/caregnatog/VisionExplainability/requirements.txt (line 106))
  Downloading pandas-2.1.3-cp310-cp310-manylinux_2_17_x86_64.manylinux2014_x86_64.whl.metadata (18 kB)
Collecting pandocfilters==1.5.1 (from -r /home/caregnatog/VisionExplainability/requirements.txt (line 107))
  Downloading pandocfilters-1.5.1-py2.py3-none-any.whl.metadata (9.0 kB)
Collecting parso==0.8.5 (from -r /home/caregnatog/VisionExplainability/requirements.txt (line 108))
  Downloading parso-0.8.5-py2.py3-none-any.whl.metadata (8.3 kB)
Collecting pexpect==4.9.0 (from -r /home/caregnatog/VisionExplainability/requirements.txt (line 109))
  Downloading pexpect-4.9.0-py2.py3-none-any.whl.metadata (2.5 kB)
Collecting Pillow==10.1.0 (from -r /home/caregnatog/VisionExplainability/requirements.txt (line 110))
  Downloading Pillow-10.1.0-cp310-cp310-manylinux_2_28_x86_64.whl.metadata (9.5 kB)
Collecting platformdirs==4.1.0 (from -r /home/caregnatog/VisionExplainability/requirements.txt (line 111))
  Downloading platformdirs-4.1.0-py3-none-any.whl.metadata (11 kB)
Collecting prettytable==3.9.0 (from -r /home/caregnatog/VisionExplainability/requirements.txt (line 112))
  Downloading prettytable-3.9.0-py3-none-any.whl.metadata (26 kB)
Collecting prometheus_client==0.23.1 (from -r /home/caregnatog/VisionExplainability/requirements.txt (line 113))
  Downloading prometheus_client-0.23.1-py3-none-any.whl.metadata (1.9 kB)
Collecting prompt_toolkit==3.0.52 (from -r /home/caregnatog/VisionExplainability/requirements.txt (line 114))
  Downloading prompt_toolkit-3.0.52-py3-none-any.whl.metadata (6.4 kB)
Collecting protobuf==4.25.1 (from -r /home/caregnatog/VisionExplainability/requirements.txt (line 115))
  Downloading protobuf-4.25.1-cp37-abi3-manylinux2014_x86_64.whl.metadata (541 bytes)
Collecting psutil==7.1.1 (from -r /home/caregnatog/VisionExplainability/requirements.txt (line 116))
  Downloading psutil-7.1.1-cp36-abi3-manylinux_2_12_x86_64.manylinux2010_x86_64.manylinux_2_17_x86_64.manylinux2014_x86_64.whl.metadata (23 kB)
Requirement already satisfied: ptyprocess==0.7.0 in /opt/conda/lib/python3.10/site-packages (from -r /home/caregnatog/VisionExplainability/requirements.txt (line 117)) (0.7.0)
Collecting pure_eval==0.2.3 (from -r /home/caregnatog/VisionExplainability/requirements.txt (line 118))
  Downloading pure_eval-0.2.3-py3-none-any.whl.metadata (6.3 kB)
Collecting pyarrow==14.0.1 (from -r /home/caregnatog/VisionExplainability/requirements.txt (line 119))
  Downloading pyarrow-14.0.1-cp310-cp310-manylinux_2_28_x86_64.whl.metadata (3.0 kB)
Collecting pyarrow-hotfix==0.6 (from -r /home/caregnatog/VisionExplainability/requirements.txt (line 120))
  Downloading pyarrow_hotfix-0.6-py3-none-any.whl.metadata (3.6 kB)
Collecting pycparser==2.23 (from -r /home/caregnatog/VisionExplainability/requirements.txt (line 121))
  Downloading pycparser-2.23-py3-none-any.whl.metadata (993 bytes)
Collecting Pygments==2.19.2 (from -r /home/caregnatog/VisionExplainability/requirements.txt (line 122))
  Downloading pygments-2.19.2-py3-none-any.whl.metadata (2.5 kB)
Collecting PyJWT==2.8.0 (from -r /home/caregnatog/VisionExplainability/requirements.txt (line 123))
  Downloading PyJWT-2.8.0-py3-none-any.whl.metadata (4.2 kB)
Collecting pyparsing==3.1.1 (from -r /home/caregnatog/VisionExplainability/requirements.txt (line 124))
  Downloading pyparsing-3.1.1-py3-none-any.whl.metadata (5.1 kB)
Collecting python-dateutil==2.8.2 (from -r /home/caregnatog/VisionExplainability/requirements.txt (line 125))
  Downloading python_dateutil-2.8.2-py2.py3-none-any.whl.metadata (8.2 kB)
Collecting python-hostlist==1.23.0 (from -r /home/caregnatog/VisionExplainability/requirements.txt (line 126))
  Downloading python-hostlist-1.23.0.tar.gz (36 kB)
  Installing build dependencies: started
  Installing build dependencies: finished with status 'done'
  Getting requirements to build wheel: started
  Getting requirements to build wheel: finished with status 'done'
  Preparing metadata (pyproject.toml): started
  Preparing metadata (pyproject.toml): finished with status 'done'
Collecting python-json-logger==4.0.0 (from -r /home/caregnatog/VisionExplainability/requirements.txt (line 127))
  Downloading python_json_logger-4.0.0-py3-none-any.whl.metadata (4.0 kB)
Collecting pytoolconfig==1.3.1 (from -r /home/caregnatog/VisionExplainability/requirements.txt (line 128))
  Downloading pytoolconfig-1.3.1-py3-none-any.whl.metadata (1.4 kB)
Collecting pytz==2023.3.post1 (from -r /home/caregnatog/VisionExplainability/requirements.txt (line 129))
  Downloading pytz-2023.3.post1-py2.py3-none-any.whl.metadata (22 kB)
Requirement already satisfied: PyYAML==6.0.1 in /opt/conda/lib/python3.10/site-packages (from -r /home/caregnatog/VisionExplainability/requirements.txt (line 130)) (6.0.1)
Collecting pyzmq==27.1.0 (from -r /home/caregnatog/VisionExplainability/requirements.txt (line 131))
  Downloading pyzmq-27.1.0-cp310-cp310-manylinux_2_26_x86_64.manylinux_2_28_x86_64.whl.metadata (6.0 kB)
Collecting querystring-parser==1.2.4 (from -r /home/caregnatog/VisionExplainability/requirements.txt (line 132))
  Downloading querystring_parser-1.2.4-py2.py3-none-any.whl.metadata (559 bytes)
Collecting referencing==0.37.0 (from -r /home/caregnatog/VisionExplainability/requirements.txt (line 133))
  Downloading referencing-0.37.0-py3-none-any.whl.metadata (2.8 kB)
Collecting regex==2023.10.3 (from -r /home/caregnatog/VisionExplainability/requirements.txt (line 134))
  Downloading regex-2023.10.3-cp310-cp310-manylinux_2_17_x86_64.manylinux2014_x86_64.whl.metadata (40 kB)
Collecting requests==2.31.0 (from -r /home/caregnatog/VisionExplainability/requirements.txt (line 135))
  Downloading requests-2.31.0-py3-none-any.whl.metadata (4.6 kB)
Collecting rfc3339-validator==0.1.4 (from -r /home/caregnatog/VisionExplainability/requirements.txt (line 136))
  Downloading rfc3339_validator-0.1.4-py2.py3-none-any.whl.metadata (1.5 kB)
Collecting rfc3986-validator==0.1.1 (from -r /home/caregnatog/VisionExplainability/requirements.txt (line 137))
  Downloading rfc3986_validator-0.1.1-py2.py3-none-any.whl.metadata (1.7 kB)
Collecting rfc3987-syntax==1.1.0 (from -r /home/caregnatog/VisionExplainability/requirements.txt (line 138))
  Downloading rfc3987_syntax-1.1.0-py3-none-any.whl.metadata (7.7 kB)
Collecting rope==1.14.0 (from -r /home/caregnatog/VisionExplainability/requirements.txt (line 139))
  Downloading rope-1.14.0-py3-none-any.whl.metadata (6.5 kB)
Collecting rpds-py==0.28.0 (from -r /home/caregnatog/VisionExplainability/requirements.txt (line 140))
  Downloading rpds_py-0.28.0-cp310-cp310-manylinux_2_17_x86_64.manylinux2014_x86_64.whl.metadata (4.1 kB)
Collecting safetensors==0.4.1 (from -r /home/caregnatog/VisionExplainability/requirements.txt (line 141))
  Downloading safetensors-0.4.1-cp310-cp310-manylinux_2_17_x86_64.manylinux2014_x86_64.whl.metadata (3.8 kB)
Collecting scikit-learn==1.3.2 (from -r /home/caregnatog/VisionExplainability/requirements.txt (line 142))
  Downloading scikit_learn-1.3.2-cp310-cp310-manylinux_2_17_x86_64.manylinux2014_x86_64.whl.metadata (11 kB)
Collecting scipy==1.11.4 (from -r /home/caregnatog/VisionExplainability/requirements.txt (line 143))
  Downloading scipy-1.11.4-cp310-cp310-manylinux_2_17_x86_64.manylinux2014_x86_64.whl.metadata (60 kB)
Collecting Send2Trash==1.8.3 (from -r /home/caregnatog/VisionExplainability/requirements.txt (line 144))
  Downloading Send2Trash-1.8.3-py3-none-any.whl.metadata (4.0 kB)
Requirement already satisfied: six==1.16.0 in /opt/conda/lib/python3.10/site-packages (from -r /home/caregnatog/VisionExplainability/requirements.txt (line 145)) (1.16.0)
Collecting smmap==5.0.1 (from -r /home/caregnatog/VisionExplainability/requirements.txt (line 146))
  Downloading smmap-5.0.1-py3-none-any.whl.metadata (4.3 kB)
Collecting sniffio==1.3.1 (from -r /home/caregnatog/VisionExplainability/requirements.txt (line 147))
  Downloading sniffio-1.3.1-py3-none-any.whl.metadata (3.9 kB)
Collecting soupsieve==2.8 (from -r /home/caregnatog/VisionExplainability/requirements.txt (line 148))
  Downloading soupsieve-2.8-py3-none-any.whl.metadata (4.6 kB)
Collecting SQLAlchemy==2.0.23 (from -r /home/caregnatog/VisionExplainability/requirements.txt (line 149))
  Downloading SQLAlchemy-2.0.23-cp310-cp310-manylinux_2_17_x86_64.manylinux2014_x86_64.whl.metadata (9.6 kB)
Collecting sqlparse==0.4.4 (from -r /home/caregnatog/VisionExplainability/requirements.txt (line 150))
  Downloading sqlparse-0.4.4-py3-none-any.whl.metadata (4.0 kB)
Collecting stack-data==0.6.3 (from -r /home/caregnatog/VisionExplainability/requirements.txt (line 151))
  Downloading stack_data-0.6.3-py3-none-any.whl.metadata (18 kB)
Collecting sympy==1.12 (from -r /home/caregnatog/VisionExplainability/requirements.txt (line 152))
  Downloading sympy-1.12-py3-none-any.whl.metadata (12 kB)
Collecting tabulate==0.9.0 (from -r /home/caregnatog/VisionExplainability/requirements.txt (line 153))
  Downloading tabulate-0.9.0-py3-none-any.whl.metadata (34 kB)
Collecting terminado==0.18.1 (from -r /home/caregnatog/VisionExplainability/requirements.txt (line 154))
  Downloading terminado-0.18.1-py3-none-any.whl.metadata (5.8 kB)
Collecting threadpoolctl==3.2.0 (from -r /home/caregnatog/VisionExplainability/requirements.txt (line 155))
  Downloading threadpoolctl-3.2.0-py3-none-any.whl.metadata (10.0 kB)
Collecting timm==0.4.12 (from -r /home/caregnatog/VisionExplainability/requirements.txt (line 156))
  Downloading timm-0.4.12-py3-none-any.whl.metadata (30 kB)
Collecting tinycss2==1.4.0 (from -r /home/caregnatog/VisionExplainability/requirements.txt (line 157))
  Downloading tinycss2-1.4.0-py3-none-any.whl.metadata (3.0 kB)
Collecting tokenizers==0.19.1 (from -r /home/caregnatog/VisionExplainability/requirements.txt (line 158))
  Downloading tokenizers-0.19.1-cp310-cp310-manylinux_2_17_x86_64.manylinux2014_x86_64.whl.metadata (6.7 kB)
Requirement already satisfied: tomli==2.0.1 in /opt/conda/lib/python3.10/site-packages (from -r /home/caregnatog/VisionExplainability/requirements.txt (line 159)) (2.0.1)
