+ set -e
+ cd /home/caregnatog/VisionExplainability/CNN
+ IMG=docker://pytorch/pytorch:2.3.1-cuda11.8-cudnn8-runtime
+ REQ=/home/caregnatog/VisionExplainability/requirements.txt
++ date
+ echo 'Job started at: Thu Nov 13 20:54:32 CET 2025'
++ hostname
+ echo 'Running on host: gpu5.dei.unipd.it'
+ srun singularity exec --nv docker://pytorch/pytorch:2.3.1-cuda11.8-cudnn8-runtime bash -lc 'python3 -m pip install --user --upgrade pip && python3 -m pip install --user -r '\''/home/caregnatog/VisionExplainability/requirements.txt'\'''
INFO:    Converting OCI blobs to SIF format
INFO:    Starting build...
INFO:    Fetching OCI image...
INFO:    Extracting OCI image...
INFO:    Inserting Apptainer configuration...
INFO:    Creating SIF file...
+ srun singularity exec --nv docker://pytorch/pytorch:2.3.1-cuda11.8-cudnn8-runtime bash -lc 'python3 -c '\''import numpy, pytorch_grad_cam; print("numpy OK:", numpy.__version__)'\'''
INFO:    Using cached SIF image
+ srun singularity exec --nv docker://pytorch/pytorch:2.3.1-cuda11.8-cudnn8-runtime bash -lc 'python3 /home/caregnatog/VisionExplainability/CNN/explainability.py'
INFO:    Using cached SIF image
/opt/conda/lib/python3.10/site-packages/torchvision/models/_utils.py:208: UserWarning: The parameter 'pretrained' is deprecated since 0.13 and may be removed in the future, please use 'weights' instead.
  warnings.warn(
/opt/conda/lib/python3.10/site-packages/torchvision/models/_utils.py:223: UserWarning: Arguments other than a weight enum or `None` for 'weights' are deprecated since 0.13 and may be removed in the future. The current behavior is equivalent to passing `weights=ResNet50_Weights.IMAGENET1K_V1`. You can also use `weights=ResNet50_Weights.DEFAULT` to get the most up-to-date weights.
  warnings.warn(msg)
Downloading: "https://download.pytorch.org/models/resnet50-0676ba61.pth" to /home/caregnatog/.cache/torch/hub/checkpoints/resnet50-0676ba61.pth
  0%|          | 0.00/97.8M [00:00<?, ?B/s]  2%|▏         | 2.00M/97.8M [00:00<00:05, 19.0MB/s]  9%|▉         | 9.00M/97.8M [00:00<00:01, 49.5MB/s] 20%|██        | 19.6M/97.8M [00:00<00:01, 76.9MB/s] 30%|██▉       | 29.1M/97.8M [00:00<00:00, 85.6MB/s] 42%|████▏     | 40.9M/97.8M [00:00<00:00, 99.0MB/s] 53%|█████▎    | 51.6M/97.8M [00:00<00:00, 103MB/s]  63%|██████▎   | 62.0M/97.8M [00:00<00:00, 102MB/s] 76%|███████▌  | 73.9M/97.8M [00:00<00:00, 109MB/s] 87%|████████▋ | 84.6M/97.8M [00:00<00:00, 110MB/s] 97%|█████████▋| 95.1M/97.8M [00:01<00:00, 107MB/s]100%|██████████| 97.8M/97.8M [00:01<00:00, 97.9MB/s]
Traceback (most recent call last):
  File "/home/caregnatog/VisionExplainability/CNN/explainability.py", line 202, in <module>
    test_data = cub200(path['data'], train=False, transform=transforms.Compose(transform_list))
  File "/home/caregnatog/VisionExplainability/DatasetLoader/cub_v2.py", line 19, in __init__
    if self._check_processed():
  File "/home/caregnatog/VisionExplainability/DatasetLoader/cub_v2.py", line 48, in _check_processed
    assert os.path.isfile(os.path.join(self.root, 'CUB_200_2011.tgz')) == True
AssertionError
srun: error: gpu5: task 0: Exited with exit code 1
