Job started at: Thu Nov 13 20:14:32 CET 2025
Running on host: gpu5.dei.unipd.it
Requirement already satisfied: pip in /home/caregnatog/.local/lib/python3.10/site-packages (25.3)
Collecting addict==2.4.0 (from -r /home/caregnatog/VisionExplainability/requirements.txt (line 1))
  Using cached addict-2.4.0-py3-none-any.whl.metadata (1.0 kB)
Collecting aiohttp==3.9.1 (from -r /home/caregnatog/VisionExplainability/requirements.txt (line 2))
  Using cached aiohttp-3.9.1-cp310-cp310-manylinux_2_17_x86_64.manylinux2014_x86_64.whl.metadata (7.4 kB)
Collecting aiosignal==1.3.1 (from -r /home/caregnatog/VisionExplainability/requirements.txt (line 3))
  Using cached aiosignal-1.3.1-py3-none-any.whl.metadata (4.0 kB)
Collecting alembic==1.13.0 (from -r /home/caregnatog/VisionExplainability/requirements.txt (line 4))
  Using cached alembic-1.13.0-py3-none-any.whl.metadata (7.4 kB)
Collecting anyio==4.11.0 (from -r /home/caregnatog/VisionExplainability/requirements.txt (line 5))
  Using cached anyio-4.11.0-py3-none-any.whl.metadata (4.1 kB)
Collecting argon2-cffi==25.1.0 (from -r /home/caregnatog/VisionExplainability/requirements.txt (line 6))
  Using cached argon2_cffi-25.1.0-py3-none-any.whl.metadata (4.1 kB)
Collecting argon2-cffi-bindings==25.1.0 (from -r /home/caregnatog/VisionExplainability/requirements.txt (line 7))
  Using cached argon2_cffi_bindings-25.1.0-cp39-abi3-manylinux_2_26_x86_64.manylinux_2_28_x86_64.whl.metadata (7.4 kB)
Collecting arrow==1.4.0 (from -r /home/caregnatog/VisionExplainability/requirements.txt (line 8))
  Using cached arrow-1.4.0-py3-none-any.whl.metadata (7.7 kB)
Collecting asttokens==3.0.0 (from -r /home/caregnatog/VisionExplainability/requirements.txt (line 9))
  Using cached asttokens-3.0.0-py3-none-any.whl.metadata (4.7 kB)
Collecting async-lru==2.0.5 (from -r /home/caregnatog/VisionExplainability/requirements.txt (line 10))
  Using cached async_lru-2.0.5-py3-none-any.whl.metadata (4.5 kB)
Collecting async-timeout==4.0.3 (from -r /home/caregnatog/VisionExplainability/requirements.txt (line 11))
  Using cached async_timeout-4.0.3-py3-none-any.whl.metadata (4.2 kB)
Requirement already satisfied: attrs==23.1.0 in /opt/conda/lib/python3.10/site-packages (from -r /home/caregnatog/VisionExplainability/requirements.txt (line 12)) (23.1.0)
Collecting babel==2.17.0 (from -r /home/caregnatog/VisionExplainability/requirements.txt (line 13))
  Using cached babel-2.17.0-py3-none-any.whl.metadata (2.0 kB)
Collecting beautifulsoup4==4.14.2 (from -r /home/caregnatog/VisionExplainability/requirements.txt (line 14))
  Using cached beautifulsoup4-4.14.2-py3-none-any.whl.metadata (3.8 kB)
Collecting bleach==6.2.0 (from -r /home/caregnatog/VisionExplainability/requirements.txt (line 15))
  Using cached bleach-6.2.0-py3-none-any.whl.metadata (30 kB)
Collecting blinker==1.7.0 (from -r /home/caregnatog/VisionExplainability/requirements.txt (line 16))
  Using cached blinker-1.7.0-py3-none-any.whl.metadata (1.9 kB)
Collecting captum==0.8.0 (from -r /home/caregnatog/VisionExplainability/requirements.txt (line 17))
  Using cached captum-0.8.0-py3-none-any.whl.metadata (26 kB)
Collecting certifi==2023.11.17 (from -r /home/caregnatog/VisionExplainability/requirements.txt (line 18))
  Using cached certifi-2023.11.17-py3-none-any.whl.metadata (2.2 kB)
Collecting cffi==2.0.0 (from -r /home/caregnatog/VisionExplainability/requirements.txt (line 19))
  Using cached cffi-2.0.0-cp310-cp310-manylinux2014_x86_64.manylinux_2_17_x86_64.whl.metadata (2.6 kB)
Collecting charset-normalizer==3.3.2 (from -r /home/caregnatog/VisionExplainability/requirements.txt (line 20))
  Using cached charset_normalizer-3.3.2-cp310-cp310-manylinux_2_17_x86_64.manylinux2014_x86_64.whl.metadata (33 kB)
Requirement already satisfied: click==8.1.7 in /opt/conda/lib/python3.10/site-packages (from -r /home/caregnatog/VisionExplainability/requirements.txt (line 21)) (8.1.7)
Collecting cloudpickle==3.0.0 (from -r /home/caregnatog/VisionExplainability/requirements.txt (line 22))
  Using cached cloudpickle-3.0.0-py3-none-any.whl.metadata (7.0 kB)
Collecting comm==0.2.3 (from -r /home/caregnatog/VisionExplainability/requirements.txt (line 23))
  Using cached comm-0.2.3-py3-none-any.whl.metadata (3.7 kB)
Collecting contourpy==1.2.0 (from -r /home/caregnatog/VisionExplainability/requirements.txt (line 24))
  Using cached contourpy-1.2.0-cp310-cp310-manylinux_2_17_x86_64.manylinux2014_x86_64.whl.metadata (5.8 kB)
Collecting cycler==0.12.1 (from -r /home/caregnatog/VisionExplainability/requirements.txt (line 25))
  Using cached cycler-0.12.1-py3-none-any.whl.metadata (3.8 kB)
Collecting databricks-cli==0.18.0 (from -r /home/caregnatog/VisionExplainability/requirements.txt (line 26))
  Using cached databricks_cli-0.18.0-py2.py3-none-any.whl.metadata (4.0 kB)
Collecting datasets==2.14.5 (from -r /home/caregnatog/VisionExplainability/requirements.txt (line 27))
  Using cached datasets-2.14.5-py3-none-any.whl.metadata (19 kB)
Collecting debugpy==1.8.17 (from -r /home/caregnatog/VisionExplainability/requirements.txt (line 28))
  Using cached debugpy-1.8.17-cp310-cp310-manylinux_2_34_x86_64.whl.metadata (1.4 kB)
Collecting decorator==5.2.1 (from -r /home/caregnatog/VisionExplainability/requirements.txt (line 29))
  Using cached decorator-5.2.1-py3-none-any.whl.metadata (3.9 kB)
Collecting defusedxml==0.7.1 (from -r /home/caregnatog/VisionExplainability/requirements.txt (line 30))
  Using cached defusedxml-0.7.1-py2.py3-none-any.whl.metadata (32 kB)
Collecting dill==0.3.7 (from -r /home/caregnatog/VisionExplainability/requirements.txt (line 31))
  Using cached dill-0.3.7-py3-none-any.whl.metadata (9.9 kB)
Collecting docker==6.1.3 (from -r /home/caregnatog/VisionExplainability/requirements.txt (line 32))
  Using cached docker-6.1.3-py3-none-any.whl.metadata (3.5 kB)
Collecting einops==0.7.0 (from -r /home/caregnatog/VisionExplainability/requirements.txt (line 33))
  Using cached einops-0.7.0-py3-none-any.whl.metadata (13 kB)
Collecting entrypoints==0.4 (from -r /home/caregnatog/VisionExplainability/requirements.txt (line 34))
  Using cached entrypoints-0.4-py3-none-any.whl.metadata (2.6 kB)
Collecting exceptiongroup==1.3.0 (from -r /home/caregnatog/VisionExplainability/requirements.txt (line 35))
  Using cached exceptiongroup-1.3.0-py3-none-any.whl.metadata (6.7 kB)
Collecting executing==2.2.1 (from -r /home/caregnatog/VisionExplainability/requirements.txt (line 36))
  Using cached executing-2.2.1-py2.py3-none-any.whl.metadata (8.9 kB)
Collecting fastjsonschema==2.21.2 (from -r /home/caregnatog/VisionExplainability/requirements.txt (line 37))
  Using cached fastjsonschema-2.21.2-py3-none-any.whl.metadata (2.3 kB)
Requirement already satisfied: filelock==3.13.1 in /opt/conda/lib/python3.10/site-packages (from -r /home/caregnatog/VisionExplainability/requirements.txt (line 38)) (3.13.1)
Collecting Flask==3.0.0 (from -r /home/caregnatog/VisionExplainability/requirements.txt (line 39))
  Using cached flask-3.0.0-py3-none-any.whl.metadata (3.6 kB)
Collecting fonttools==4.46.0 (from -r /home/caregnatog/VisionExplainability/requirements.txt (line 40))
  Using cached fonttools-4.46.0-cp310-cp310-manylinux_2_17_x86_64.manylinux2014_x86_64.whl.metadata (156 kB)
Collecting fqdn==1.5.1 (from -r /home/caregnatog/VisionExplainability/requirements.txt (line 41))
  Using cached fqdn-1.5.1-py3-none-any.whl.metadata (1.4 kB)
Collecting frozenlist==1.4.0 (from -r /home/caregnatog/VisionExplainability/requirements.txt (line 42))
  Using cached frozenlist-1.4.0-cp310-cp310-manylinux_2_5_x86_64.manylinux1_x86_64.manylinux_2_17_x86_64.manylinux2014_x86_64.whl.metadata (5.2 kB)
Collecting fsspec==2023.6.0 (from -r /home/caregnatog/VisionExplainability/requirements.txt (line 43))
  Using cached fsspec-2023.6.0-py3-none-any.whl.metadata (6.7 kB)
Collecting gitdb==4.0.11 (from -r /home/caregnatog/VisionExplainability/requirements.txt (line 44))
  Using cached gitdb-4.0.11-py3-none-any.whl.metadata (1.2 kB)
Collecting GitPython==3.1.40 (from -r /home/caregnatog/VisionExplainability/requirements.txt (line 45))
  Using cached GitPython-3.1.40-py3-none-any.whl.metadata (12 kB)
Collecting grad-cam==1.5.5 (from -r /home/caregnatog/VisionExplainability/requirements.txt (line 46))
  Using cached grad-cam-1.5.5.tar.gz (7.8 MB)
  Installing build dependencies: started
  Installing build dependencies: finished with status 'done'
  Getting requirements to build wheel: started
  Getting requirements to build wheel: finished with status 'done'
  Preparing metadata (pyproject.toml): started
  Preparing metadata (pyproject.toml): finished with status 'done'
Collecting greenlet==3.0.2 (from -r /home/caregnatog/VisionExplainability/requirements.txt (line 47))
  Using cached greenlet-3.0.2-cp310-cp310-manylinux_2_24_x86_64.manylinux_2_28_x86_64.whl.metadata (3.7 kB)
Collecting gunicorn==21.2.0 (from -r /home/caregnatog/VisionExplainability/requirements.txt (line 48))
  Using cached gunicorn-21.2.0-py3-none-any.whl.metadata (4.1 kB)
Collecting h11==0.16.0 (from -r /home/caregnatog/VisionExplainability/requirements.txt (line 49))
  Using cached h11-0.16.0-py3-none-any.whl.metadata (8.3 kB)
Collecting httpcore==1.0.9 (from -r /home/caregnatog/VisionExplainability/requirements.txt (line 50))
  Using cached httpcore-1.0.9-py3-none-any.whl.metadata (21 kB)
Collecting httpx==0.28.1 (from -r /home/caregnatog/VisionExplainability/requirements.txt (line 51))
  Using cached httpx-0.28.1-py3-none-any.whl.metadata (7.1 kB)
Collecting huggingface-hub==0.19.4 (from -r /home/caregnatog/VisionExplainability/requirements.txt (line 52))
  Using cached huggingface_hub-0.19.4-py3-none-any.whl.metadata (14 kB)
Collecting idna==3.6 (from -r /home/caregnatog/VisionExplainability/requirements.txt (line 53))
  Using cached idna-3.6-py3-none-any.whl.metadata (9.9 kB)
Collecting importlib-metadata==7.0.0 (from -r /home/caregnatog/VisionExplainability/requirements.txt (line 54))
  Using cached importlib_metadata-7.0.0-py3-none-any.whl.metadata (4.9 kB)
Collecting ipykernel==7.0.1 (from -r /home/caregnatog/VisionExplainability/requirements.txt (line 55))
  Using cached ipykernel-7.0.1-py3-none-any.whl.metadata (4.5 kB)
Collecting ipython==8.37.0 (from -r /home/caregnatog/VisionExplainability/requirements.txt (line 56))
  Using cached ipython-8.37.0-py3-none-any.whl.metadata (5.1 kB)
Collecting ipywidgets==8.1.7 (from -r /home/caregnatog/VisionExplainability/requirements.txt (line 57))
  Using cached ipywidgets-8.1.7-py3-none-any.whl.metadata (2.4 kB)
Collecting isoduration==20.11.0 (from -r /home/caregnatog/VisionExplainability/requirements.txt (line 58))
  Using cached isoduration-20.11.0-py3-none-any.whl.metadata (5.7 kB)
Collecting itsdangerous==2.1.2 (from -r /home/caregnatog/VisionExplainability/requirements.txt (line 59))
  Using cached itsdangerous-2.1.2-py3-none-any.whl.metadata (2.9 kB)
Collecting jedi==0.19.2 (from -r /home/caregnatog/VisionExplainability/requirements.txt (line 60))
  Using cached jedi-0.19.2-py2.py3-none-any.whl.metadata (22 kB)
Collecting Jinja2==3.1.2 (from -r /home/caregnatog/VisionExplainability/requirements.txt (line 61))
  Using cached Jinja2-3.1.2-py3-none-any.whl.metadata (3.5 kB)
Collecting joblib==1.3.2 (from -r /home/caregnatog/VisionExplainability/requirements.txt (line 62))
  Using cached joblib-1.3.2-py3-none-any.whl.metadata (5.4 kB)
Collecting json5==0.12.1 (from -r /home/caregnatog/VisionExplainability/requirements.txt (line 63))
  Using cached json5-0.12.1-py3-none-any.whl.metadata (36 kB)
Collecting jsonpointer==3.0.0 (from -r /home/caregnatog/VisionExplainability/requirements.txt (line 64))
  Using cached jsonpointer-3.0.0-py2.py3-none-any.whl.metadata (2.3 kB)
Collecting jsonschema==4.25.1 (from -r /home/caregnatog/VisionExplainability/requirements.txt (line 65))
  Using cached jsonschema-4.25.1-py3-none-any.whl.metadata (7.6 kB)
Collecting jsonschema-specifications==2025.9.1 (from -r /home/caregnatog/VisionExplainability/requirements.txt (line 66))
  Using cached jsonschema_specifications-2025.9.1-py3-none-any.whl.metadata (2.9 kB)
Collecting jupyter==1.1.1 (from -r /home/caregnatog/VisionExplainability/requirements.txt (line 67))
  Using cached jupyter-1.1.1-py2.py3-none-any.whl.metadata (2.0 kB)
Collecting jupyter-console==6.6.3 (from -r /home/caregnatog/VisionExplainability/requirements.txt (line 68))
  Using cached jupyter_console-6.6.3-py3-none-any.whl.metadata (5.8 kB)
Collecting jupyter-events==0.12.0 (from -r /home/caregnatog/VisionExplainability/requirements.txt (line 69))
  Using cached jupyter_events-0.12.0-py3-none-any.whl.metadata (5.8 kB)
Collecting jupyter-lsp==2.3.0 (from -r /home/caregnatog/VisionExplainability/requirements.txt (line 70))
  Using cached jupyter_lsp-2.3.0-py3-none-any.whl.metadata (1.8 kB)
Collecting jupyter_client==8.6.3 (from -r /home/caregnatog/VisionExplainability/requirements.txt (line 71))
  Using cached jupyter_client-8.6.3-py3-none-any.whl.metadata (8.3 kB)
Collecting jupyter_core==5.9.1 (from -r /home/caregnatog/VisionExplainability/requirements.txt (line 72))
  Using cached jupyter_core-5.9.1-py3-none-any.whl.metadata (1.5 kB)
Collecting jupyter_server==2.17.0 (from -r /home/caregnatog/VisionExplainability/requirements.txt (line 73))
  Using cached jupyter_server-2.17.0-py3-none-any.whl.metadata (8.5 kB)
Collecting jupyter_server_terminals==0.5.3 (from -r /home/caregnatog/VisionExplainability/requirements.txt (line 74))
  Using cached jupyter_server_terminals-0.5.3-py3-none-any.whl.metadata (5.6 kB)
Collecting jupyterlab==4.4.10 (from -r /home/caregnatog/VisionExplainability/requirements.txt (line 75))
  Using cached jupyterlab-4.4.10-py3-none-any.whl.metadata (16 kB)
Collecting jupyterlab_pygments==0.3.0 (from -r /home/caregnatog/VisionExplainability/requirements.txt (line 76))
  Using cached jupyterlab_pygments-0.3.0-py3-none-any.whl.metadata (4.4 kB)
Collecting jupyterlab_server==2.28.0 (from -r /home/caregnatog/VisionExplainability/requirements.txt (line 77))
  Using cached jupyterlab_server-2.28.0-py3-none-any.whl.metadata (5.9 kB)
Collecting jupyterlab_widgets==3.0.15 (from -r /home/caregnatog/VisionExplainability/requirements.txt (line 78))
  Using cached jupyterlab_widgets-3.0.15-py3-none-any.whl.metadata (20 kB)
Collecting kiwisolver==1.4.5 (from -r /home/caregnatog/VisionExplainability/requirements.txt (line 79))
  Using cached kiwisolver-1.4.5-cp310-cp310-manylinux_2_12_x86_64.manylinux2010_x86_64.whl.metadata (6.4 kB)
Collecting lark==1.3.0 (from -r /home/caregnatog/VisionExplainability/requirements.txt (line 80))
  Using cached lark-1.3.0-py3-none-any.whl.metadata (1.8 kB)
Collecting Mako==1.3.0 (from -r /home/caregnatog/VisionExplainability/requirements.txt (line 81))
  Using cached Mako-1.3.0-py3-none-any.whl.metadata (2.9 kB)
Collecting Markdown==3.5.1 (from -r /home/caregnatog/VisionExplainability/requirements.txt (line 82))
  Using cached Markdown-3.5.1-py3-none-any.whl.metadata (7.1 kB)
Requirement already satisfied: MarkupSafe==2.1.3 in /opt/conda/lib/python3.10/site-packages (from -r /home/caregnatog/VisionExplainability/requirements.txt (line 83)) (2.1.3)
Collecting matplotlib==3.8.2 (from -r /home/caregnatog/VisionExplainability/requirements.txt (line 84))
  Using cached matplotlib-3.8.2-cp310-cp310-manylinux_2_17_x86_64.manylinux2014_x86_64.whl.metadata (5.8 kB)
Collecting matplotlib-inline==0.2.1 (from -r /home/caregnatog/VisionExplainability/requirements.txt (line 85))
  Using cached matplotlib_inline-0.2.1-py3-none-any.whl.metadata (2.3 kB)
Collecting mistune==3.1.4 (from -r /home/caregnatog/VisionExplainability/requirements.txt (line 86))
  Using cached mistune-3.1.4-py3-none-any.whl.metadata (1.8 kB)
Collecting mlflow==2.9.1 (from -r /home/caregnatog/VisionExplainability/requirements.txt (line 87))
  Using cached mlflow-2.9.1-py3-none-any.whl.metadata (13 kB)
Collecting mmcv==1.3.8 (from -r /home/caregnatog/VisionExplainability/requirements.txt (line 88))
  Using cached mmcv-1.3.8.tar.gz (312 kB)
  Installing build dependencies: started
  Installing build dependencies: finished with status 'done'
  Getting requirements to build wheel: started
  Getting requirements to build wheel: finished with status 'done'
  Installing backend dependencies: started
  Installing backend dependencies: finished with status 'done'
  Preparing metadata (pyproject.toml): started
  Preparing metadata (pyproject.toml): finished with status 'done'
Collecting mmsegmentation==0.14.1 (from -r /home/caregnatog/VisionExplainability/requirements.txt (line 89))
  Using cached mmsegmentation-0.14.1-py3-none-any.whl.metadata (8.3 kB)
Requirement already satisfied: mpmath==1.3.0 in /opt/conda/lib/python3.10/site-packages (from -r /home/caregnatog/VisionExplainability/requirements.txt (line 90)) (1.3.0)
Collecting multidict==6.0.4 (from -r /home/caregnatog/VisionExplainability/requirements.txt (line 91))
  Using cached multidict-6.0.4-cp310-cp310-manylinux_2_17_x86_64.manylinux2014_x86_64.whl.metadata (4.1 kB)
Collecting multiprocess==0.70.15 (from -r /home/caregnatog/VisionExplainability/requirements.txt (line 92))
  Using cached multiprocess-0.70.15-py310-none-any.whl.metadata (7.2 kB)
Collecting nbclient==0.10.2 (from -r /home/caregnatog/VisionExplainability/requirements.txt (line 93))
  Using cached nbclient-0.10.2-py3-none-any.whl.metadata (8.3 kB)
Collecting nbconvert==7.16.6 (from -r /home/caregnatog/VisionExplainability/requirements.txt (line 94))
  Using cached nbconvert-7.16.6-py3-none-any.whl.metadata (8.5 kB)
Collecting nbformat==5.10.4 (from -r /home/caregnatog/VisionExplainability/requirements.txt (line 95))
  Using cached nbformat-5.10.4-py3-none-any.whl.metadata (3.6 kB)
Collecting nest-asyncio==1.6.0 (from -r /home/caregnatog/VisionExplainability/requirements.txt (line 96))
  Using cached nest_asyncio-1.6.0-py3-none-any.whl.metadata (2.8 kB)
Requirement already satisfied: networkx==3.2.1 in /opt/conda/lib/python3.10/site-packages (from -r /home/caregnatog/VisionExplainability/requirements.txt (line 97)) (3.2.1)
Collecting ninja==1.13.0 (from -r /home/caregnatog/VisionExplainability/requirements.txt (line 98))
  Using cached ninja-1.13.0-py3-none-manylinux2014_x86_64.manylinux_2_17_x86_64.whl.metadata (5.1 kB)
Collecting notebook==7.4.7 (from -r /home/caregnatog/VisionExplainability/requirements.txt (line 99))
  Using cached notebook-7.4.7-py3-none-any.whl.metadata (10 kB)
Collecting notebook_shim==0.2.4 (from -r /home/caregnatog/VisionExplainability/requirements.txt (line 100))
  Using cached notebook_shim-0.2.4-py3-none-any.whl.metadata (4.0 kB)
Collecting numpy==1.26.2 (from -r /home/caregnatog/VisionExplainability/requirements.txt (line 101))
  Using cached numpy-1.26.2-cp310-cp310-manylinux_2_17_x86_64.manylinux2014_x86_64.whl.metadata (61 kB)
Collecting oauthlib==3.2.2 (from -r /home/caregnatog/VisionExplainability/requirements.txt (line 102))
  Using cached oauthlib-3.2.2-py3-none-any.whl.metadata (7.5 kB)
Collecting opencv-python==4.8.1.78 (from -r /home/caregnatog/VisionExplainability/requirements.txt (line 103))
  Using cached opencv_python-4.8.1.78-cp37-abi3-manylinux_2_17_x86_64.manylinux2014_x86_64.whl.metadata (19 kB)
Collecting overrides==7.7.0 (from -r /home/caregnatog/VisionExplainability/requirements.txt (line 104))
  Using cached overrides-7.7.0-py3-none-any.whl.metadata (5.8 kB)
Requirement already satisfied: packaging==23.2 in /opt/conda/lib/python3.10/site-packages (from -r /home/caregnatog/VisionExplainability/requirements.txt (line 105)) (23.2)
Collecting pandas==2.1.3 (from -r /home/caregnatog/VisionExplainability/requirements.txt (line 106))
  Using cached pandas-2.1.3-cp310-cp310-manylinux_2_17_x86_64.manylinux2014_x86_64.whl.metadata (18 kB)
Collecting pandocfilters==1.5.1 (from -r /home/caregnatog/VisionExplainability/requirements.txt (line 107))
  Using cached pandocfilters-1.5.1-py2.py3-none-any.whl.metadata (9.0 kB)
Collecting parso==0.8.5 (from -r /home/caregnatog/VisionExplainability/requirements.txt (line 108))
  Using cached parso-0.8.5-py2.py3-none-any.whl.metadata (8.3 kB)
Collecting pexpect==4.9.0 (from -r /home/caregnatog/VisionExplainability/requirements.txt (line 109))
  Using cached pexpect-4.9.0-py2.py3-none-any.whl.metadata (2.5 kB)
Collecting Pillow==10.1.0 (from -r /home/caregnatog/VisionExplainability/requirements.txt (line 110))
  Using cached Pillow-10.1.0-cp310-cp310-manylinux_2_28_x86_64.whl.metadata (9.5 kB)
Collecting platformdirs==4.1.0 (from -r /home/caregnatog/VisionExplainability/requirements.txt (line 111))
  Using cached platformdirs-4.1.0-py3-none-any.whl.metadata (11 kB)
Collecting prettytable==3.9.0 (from -r /home/caregnatog/VisionExplainability/requirements.txt (line 112))
  Using cached prettytable-3.9.0-py3-none-any.whl.metadata (26 kB)
Collecting prometheus_client==0.23.1 (from -r /home/caregnatog/VisionExplainability/requirements.txt (line 113))
  Using cached prometheus_client-0.23.1-py3-none-any.whl.metadata (1.9 kB)
Collecting prompt_toolkit==3.0.52 (from -r /home/caregnatog/VisionExplainability/requirements.txt (line 114))
  Using cached prompt_toolkit-3.0.52-py3-none-any.whl.metadata (6.4 kB)
Collecting protobuf==4.25.1 (from -r /home/caregnatog/VisionExplainability/requirements.txt (line 115))
  Using cached protobuf-4.25.1-cp37-abi3-manylinux2014_x86_64.whl.metadata (541 bytes)
Collecting psutil==7.1.1 (from -r /home/caregnatog/VisionExplainability/requirements.txt (line 116))
  Using cached psutil-7.1.1-cp36-abi3-manylinux_2_12_x86_64.manylinux2010_x86_64.manylinux_2_17_x86_64.manylinux2014_x86_64.whl.metadata (23 kB)
Requirement already satisfied: ptyprocess==0.7.0 in /opt/conda/lib/python3.10/site-packages (from -r /home/caregnatog/VisionExplainability/requirements.txt (line 117)) (0.7.0)
Collecting pure_eval==0.2.3 (from -r /home/caregnatog/VisionExplainability/requirements.txt (line 118))
  Using cached pure_eval-0.2.3-py3-none-any.whl.metadata (6.3 kB)
Collecting pyarrow==14.0.1 (from -r /home/caregnatog/VisionExplainability/requirements.txt (line 119))
  Using cached pyarrow-14.0.1-cp310-cp310-manylinux_2_28_x86_64.whl.metadata (3.0 kB)
Collecting pyarrow-hotfix==0.6 (from -r /home/caregnatog/VisionExplainability/requirements.txt (line 120))
  Using cached pyarrow_hotfix-0.6-py3-none-any.whl.metadata (3.6 kB)
Collecting pycparser==2.23 (from -r /home/caregnatog/VisionExplainability/requirements.txt (line 121))
  Using cached pycparser-2.23-py3-none-any.whl.metadata (993 bytes)
Collecting Pygments==2.19.2 (from -r /home/caregnatog/VisionExplainability/requirements.txt (line 122))
  Using cached pygments-2.19.2-py3-none-any.whl.metadata (2.5 kB)
Collecting PyJWT==2.8.0 (from -r /home/caregnatog/VisionExplainability/requirements.txt (line 123))
  Using cached PyJWT-2.8.0-py3-none-any.whl.metadata (4.2 kB)
Collecting pyparsing==3.1.1 (from -r /home/caregnatog/VisionExplainability/requirements.txt (line 124))
  Using cached pyparsing-3.1.1-py3-none-any.whl.metadata (5.1 kB)
Collecting python-dateutil==2.8.2 (from -r /home/caregnatog/VisionExplainability/requirements.txt (line 125))
  Using cached python_dateutil-2.8.2-py2.py3-none-any.whl.metadata (8.2 kB)
Collecting python-hostlist==1.23.0 (from -r /home/caregnatog/VisionExplainability/requirements.txt (line 126))
  Using cached python-hostlist-1.23.0.tar.gz (36 kB)
  Installing build dependencies: started
  Installing build dependencies: finished with status 'done'
  Getting requirements to build wheel: started
  Getting requirements to build wheel: finished with status 'done'
  Preparing metadata (pyproject.toml): started
  Preparing metadata (pyproject.toml): finished with status 'done'
Collecting python-json-logger==4.0.0 (from -r /home/caregnatog/VisionExplainability/requirements.txt (line 127))
  Using cached python_json_logger-4.0.0-py3-none-any.whl.metadata (4.0 kB)
Collecting pytoolconfig==1.3.1 (from -r /home/caregnatog/VisionExplainability/requirements.txt (line 128))
  Using cached pytoolconfig-1.3.1-py3-none-any.whl.metadata (1.4 kB)
Collecting pytz==2023.3.post1 (from -r /home/caregnatog/VisionExplainability/requirements.txt (line 129))
  Using cached pytz-2023.3.post1-py2.py3-none-any.whl.metadata (22 kB)
Requirement already satisfied: PyYAML==6.0.1 in /opt/conda/lib/python3.10/site-packages (from -r /home/caregnatog/VisionExplainability/requirements.txt (line 130)) (6.0.1)
Collecting pyzmq==27.1.0 (from -r /home/caregnatog/VisionExplainability/requirements.txt (line 131))
  Using cached pyzmq-27.1.0-cp310-cp310-manylinux_2_26_x86_64.manylinux_2_28_x86_64.whl.metadata (6.0 kB)
Collecting querystring-parser==1.2.4 (from -r /home/caregnatog/VisionExplainability/requirements.txt (line 132))
  Using cached querystring_parser-1.2.4-py2.py3-none-any.whl.metadata (559 bytes)
Collecting referencing==0.37.0 (from -r /home/caregnatog/VisionExplainability/requirements.txt (line 133))
  Using cached referencing-0.37.0-py3-none-any.whl.metadata (2.8 kB)
Collecting regex==2023.10.3 (from -r /home/caregnatog/VisionExplainability/requirements.txt (line 134))
  Using cached regex-2023.10.3-cp310-cp310-manylinux_2_17_x86_64.manylinux2014_x86_64.whl.metadata (40 kB)
Collecting requests==2.31.0 (from -r /home/caregnatog/VisionExplainability/requirements.txt (line 135))
  Using cached requests-2.31.0-py3-none-any.whl.metadata (4.6 kB)
Collecting rfc3339-validator==0.1.4 (from -r /home/caregnatog/VisionExplainability/requirements.txt (line 136))
  Using cached rfc3339_validator-0.1.4-py2.py3-none-any.whl.metadata (1.5 kB)
Collecting rfc3986-validator==0.1.1 (from -r /home/caregnatog/VisionExplainability/requirements.txt (line 137))
  Using cached rfc3986_validator-0.1.1-py2.py3-none-any.whl.metadata (1.7 kB)
Collecting rfc3987-syntax==1.1.0 (from -r /home/caregnatog/VisionExplainability/requirements.txt (line 138))
  Using cached rfc3987_syntax-1.1.0-py3-none-any.whl.metadata (7.7 kB)
Collecting rope==1.14.0 (from -r /home/caregnatog/VisionExplainability/requirements.txt (line 139))
  Using cached rope-1.14.0-py3-none-any.whl.metadata (6.5 kB)
Collecting rpds-py==0.28.0 (from -r /home/caregnatog/VisionExplainability/requirements.txt (line 140))
  Using cached rpds_py-0.28.0-cp310-cp310-manylinux_2_17_x86_64.manylinux2014_x86_64.whl.metadata (4.1 kB)
Collecting safetensors==0.4.1 (from -r /home/caregnatog/VisionExplainability/requirements.txt (line 141))
  Using cached safetensors-0.4.1-cp310-cp310-manylinux_2_17_x86_64.manylinux2014_x86_64.whl.metadata (3.8 kB)
Collecting scikit-learn==1.3.2 (from -r /home/caregnatog/VisionExplainability/requirements.txt (line 142))
  Using cached scikit_learn-1.3.2-cp310-cp310-manylinux_2_17_x86_64.manylinux2014_x86_64.whl.metadata (11 kB)
Collecting scipy==1.11.4 (from -r /home/caregnatog/VisionExplainability/requirements.txt (line 143))
  Using cached scipy-1.11.4-cp310-cp310-manylinux_2_17_x86_64.manylinux2014_x86_64.whl.metadata (60 kB)
Collecting Send2Trash==1.8.3 (from -r /home/caregnatog/VisionExplainability/requirements.txt (line 144))
  Using cached Send2Trash-1.8.3-py3-none-any.whl.metadata (4.0 kB)
Requirement already satisfied: six==1.16.0 in /opt/conda/lib/python3.10/site-packages (from -r /home/caregnatog/VisionExplainability/requirements.txt (line 145)) (1.16.0)
Collecting smmap==5.0.1 (from -r /home/caregnatog/VisionExplainability/requirements.txt (line 146))
  Using cached smmap-5.0.1-py3-none-any.whl.metadata (4.3 kB)
Collecting sniffio==1.3.1 (from -r /home/caregnatog/VisionExplainability/requirements.txt (line 147))
  Using cached sniffio-1.3.1-py3-none-any.whl.metadata (3.9 kB)
Collecting soupsieve==2.8 (from -r /home/caregnatog/VisionExplainability/requirements.txt (line 148))
  Using cached soupsieve-2.8-py3-none-any.whl.metadata (4.6 kB)
Collecting SQLAlchemy==2.0.23 (from -r /home/caregnatog/VisionExplainability/requirements.txt (line 149))
  Using cached SQLAlchemy-2.0.23-cp310-cp310-manylinux_2_17_x86_64.manylinux2014_x86_64.whl.metadata (9.6 kB)
Collecting sqlparse==0.4.4 (from -r /home/caregnatog/VisionExplainability/requirements.txt (line 150))
  Using cached sqlparse-0.4.4-py3-none-any.whl.metadata (4.0 kB)
Collecting stack-data==0.6.3 (from -r /home/caregnatog/VisionExplainability/requirements.txt (line 151))
  Using cached stack_data-0.6.3-py3-none-any.whl.metadata (18 kB)
Collecting sympy==1.12 (from -r /home/caregnatog/VisionExplainability/requirements.txt (line 152))
  Using cached sympy-1.12-py3-none-any.whl.metadata (12 kB)
Collecting tabulate==0.9.0 (from -r /home/caregnatog/VisionExplainability/requirements.txt (line 153))
  Using cached tabulate-0.9.0-py3-none-any.whl.metadata (34 kB)
Collecting terminado==0.18.1 (from -r /home/caregnatog/VisionExplainability/requirements.txt (line 154))
  Using cached terminado-0.18.1-py3-none-any.whl.metadata (5.8 kB)
Collecting threadpoolctl==3.2.0 (from -r /home/caregnatog/VisionExplainability/requirements.txt (line 155))
  Using cached threadpoolctl-3.2.0-py3-none-any.whl.metadata (10.0 kB)
Collecting timm==0.4.12 (from -r /home/caregnatog/VisionExplainability/requirements.txt (line 156))
  Using cached timm-0.4.12-py3-none-any.whl.metadata (30 kB)
Collecting tinycss2==1.4.0 (from -r /home/caregnatog/VisionExplainability/requirements.txt (line 157))
  Using cached tinycss2-1.4.0-py3-none-any.whl.metadata (3.0 kB)
Collecting tokenizers==0.19.1 (from -r /home/caregnatog/VisionExplainability/requirements.txt (line 158))
  Using cached tokenizers-0.19.1-cp310-cp310-manylinux_2_17_x86_64.manylinux2014_x86_64.whl.metadata (6.7 kB)
Requirement already satisfied: tomli==2.0.1 in /opt/conda/lib/python3.10/site-packages (from -r /home/caregnatog/VisionExplainability/requirements.txt (line 159)) (2.0.1)
Collecting tornado==6.5.2 (from -r /home/caregnatog/VisionExplainability/requirements.txt (line 160))
  Downloading tornado-6.5.2-cp39-abi3-manylinux_2_5_x86_64.manylinux1_x86_64.manylinux_2_17_x86_64.manylinux2014_x86_64.whl.metadata (2.8 kB)
Collecting tqdm==4.66.1 (from -r /home/caregnatog/VisionExplainability/requirements.txt (line 161))
  Downloading tqdm-4.66.1-py3-none-any.whl.metadata (57 kB)
Collecting traitlets==5.14.3 (from -r /home/caregnatog/VisionExplainability/requirements.txt (line 162))
  Downloading traitlets-5.14.3-py3-none-any.whl.metadata (10 kB)
Collecting transformers==4.40.1 (from -r /home/caregnatog/VisionExplainability/requirements.txt (line 163))
  Downloading transformers-4.40.1-py3-none-any.whl.metadata (137 kB)
Collecting ttach==0.0.3 (from -r /home/caregnatog/VisionExplainability/requirements.txt (line 164))
  Downloading ttach-0.0.3-py3-none-any.whl.metadata (5.2 kB)
Collecting typing_extensions==4.8.0 (from -r /home/caregnatog/VisionExplainability/requirements.txt (line 165))
  Downloading typing_extensions-4.8.0-py3-none-any.whl.metadata (3.0 kB)
Collecting tzdata==2023.3 (from -r /home/caregnatog/VisionExplainability/requirements.txt (line 166))
  Downloading tzdata-2023.3-py2.py3-none-any.whl.metadata (1.4 kB)
Collecting uri-template==1.3.0 (from -r /home/caregnatog/VisionExplainability/requirements.txt (line 167))
  Downloading uri_template-1.3.0-py3-none-any.whl.metadata (8.8 kB)
Collecting urllib3==2.1.0 (from -r /home/caregnatog/VisionExplainability/requirements.txt (line 168))
  Downloading urllib3-2.1.0-py3-none-any.whl.metadata (6.4 kB)
Collecting wcwidth==0.2.12 (from -r /home/caregnatog/VisionExplainability/requirements.txt (line 169))
  Downloading wcwidth-0.2.12-py2.py3-none-any.whl.metadata (14 kB)
Collecting webcolors==24.11.1 (from -r /home/caregnatog/VisionExplainability/requirements.txt (line 170))
  Downloading webcolors-24.11.1-py3-none-any.whl.metadata (2.2 kB)
Collecting webencodings==0.5.1 (from -r /home/caregnatog/VisionExplainability/requirements.txt (line 171))
  Downloading webencodings-0.5.1-py2.py3-none-any.whl.metadata (2.1 kB)
Collecting websocket-client==1.7.0 (from -r /home/caregnatog/VisionExplainability/requirements.txt (line 172))
  Downloading websocket_client-1.7.0-py3-none-any.whl.metadata (7.9 kB)
Collecting Werkzeug==3.0.1 (from -r /home/caregnatog/VisionExplainability/requirements.txt (line 173))
  Downloading werkzeug-3.0.1-py3-none-any.whl.metadata (4.1 kB)
Collecting widgetsnbextension==4.0.14 (from -r /home/caregnatog/VisionExplainability/requirements.txt (line 174))
  Downloading widgetsnbextension-4.0.14-py3-none-any.whl.metadata (1.6 kB)
Collecting xxhash==3.4.1 (from -r /home/caregnatog/VisionExplainability/requirements.txt (line 175))
  Downloading xxhash-3.4.1-cp310-cp310-manylinux_2_17_x86_64.manylinux2014_x86_64.whl.metadata (12 kB)
Collecting yapf==0.40.2 (from -r /home/caregnatog/VisionExplainability/requirements.txt (line 176))
  Downloading yapf-0.40.2-py3-none-any.whl.metadata (45 kB)
Collecting yarl==1.9.4 (from -r /home/caregnatog/VisionExplainability/requirements.txt (line 177))
  Downloading yarl-1.9.4-cp310-cp310-manylinux_2_17_x86_64.manylinux2014_x86_64.whl.metadata (31 kB)
Collecting zipp==3.17.0 (from -r /home/caregnatog/VisionExplainability/requirements.txt (line 178))
  Downloading zipp-3.17.0-py3-none-any.whl.metadata (3.7 kB)
Requirement already satisfied: torch>=1.10 in /opt/conda/lib/python3.10/site-packages (from captum==0.8.0->-r /home/caregnatog/VisionExplainability/requirements.txt (line 17)) (2.3.1)
Requirement already satisfied: torchvision>=0.8.2 in /opt/conda/lib/python3.10/site-packages (from grad-cam==1.5.5->-r /home/caregnatog/VisionExplainability/requirements.txt (line 46)) (0.18.1)
Requirement already satisfied: setuptools>=41.1.0 in /opt/conda/lib/python3.10/site-packages (from jupyterlab==4.4.10->-r /home/caregnatog/VisionExplainability/requirements.txt (line 75)) (69.5.1)
Downloading addict-2.4.0-py3-none-any.whl (3.8 kB)
Downloading aiohttp-3.9.1-cp310-cp310-manylinux_2_17_x86_64.manylinux2014_x86_64.whl (1.2 MB)
   ━━━━━━━━━━━━━━━━━━━━━━━━━━━━━━━━━━━━━━━━ 1.2/1.2 MB 5.3 MB/s  0:00:00
Downloading async_timeout-4.0.3-py3-none-any.whl (5.7 kB)
Downloading multidict-6.0.4-cp310-cp310-manylinux_2_17_x86_64.manylinux2014_x86_64.whl (114 kB)
Downloading yarl-1.9.4-cp310-cp310-manylinux_2_17_x86_64.manylinux2014_x86_64.whl (301 kB)
Downloading aiosignal-1.3.1-py3-none-any.whl (7.6 kB)
Downloading alembic-1.13.0-py3-none-any.whl (230 kB)
Downloading anyio-4.11.0-py3-none-any.whl (109 kB)
Downloading argon2_cffi-25.1.0-py3-none-any.whl (14 kB)
Downloading argon2_cffi_bindings-25.1.0-cp39-abi3-manylinux_2_26_x86_64.manylinux_2_28_x86_64.whl (87 kB)
Downloading arrow-1.4.0-py3-none-any.whl (68 kB)
Downloading asttokens-3.0.0-py3-none-any.whl (26 kB)
Downloading async_lru-2.0.5-py3-none-any.whl (6.1 kB)
Downloading babel-2.17.0-py3-none-any.whl (10.2 MB)
   ━━━━━━━━━━━━━━━━━━━━━━━━━━━━━━━━━━━━━━━━ 10.2/10.2 MB 29.5 MB/s  0:00:00
Downloading beautifulsoup4-4.14.2-py3-none-any.whl (106 kB)
Downloading bleach-6.2.0-py3-none-any.whl (163 kB)
Downloading blinker-1.7.0-py3-none-any.whl (13 kB)
Downloading captum-0.8.0-py3-none-any.whl (1.4 MB)
   ━━━━━━━━━━━━━━━━━━━━━━━━━━━━━━━━━━━━━━━━ 1.4/1.4 MB 41.3 MB/s  0:00:00
Downloading numpy-1.26.2-cp310-cp310-manylinux_2_17_x86_64.manylinux2014_x86_64.whl (18.2 MB)
   ━━━━━━━━━━━━━━━━━━━━━━━━━━━━━━━━━━━━━━━━ 18.2/18.2 MB 8.7 MB/s  0:00:02
Downloading certifi-2023.11.17-py3-none-any.whl (162 kB)
Downloading cffi-2.0.0-cp310-cp310-manylinux2014_x86_64.manylinux_2_17_x86_64.whl (216 kB)
Downloading charset_normalizer-3.3.2-cp310-cp310-manylinux_2_17_x86_64.manylinux2014_x86_64.whl (142 kB)
Downloading cloudpickle-3.0.0-py3-none-any.whl (20 kB)
Downloading comm-0.2.3-py3-none-any.whl (7.3 kB)
Downloading contourpy-1.2.0-cp310-cp310-manylinux_2_17_x86_64.manylinux2014_x86_64.whl (310 kB)
Downloading cycler-0.12.1-py3-none-any.whl (8.3 kB)
Downloading databricks_cli-0.18.0-py2.py3-none-any.whl (150 kB)
Downloading urllib3-2.1.0-py3-none-any.whl (104 kB)
Downloading datasets-2.14.5-py3-none-any.whl (519 kB)
Downloading dill-0.3.7-py3-none-any.whl (115 kB)
Downloading fsspec-2023.6.0-py3-none-any.whl (163 kB)
Downloading huggingface_hub-0.19.4-py3-none-any.whl (311 kB)
Downloading debugpy-1.8.17-cp310-cp310-manylinux_2_34_x86_64.whl (3.1 MB)
   ━━━━━━━━━━━━━━━━━━━━━━━━━━━━━━━━━━━━━━━━ 3.1/3.1 MB 35.2 MB/s  0:00:00
Downloading decorator-5.2.1-py3-none-any.whl (9.2 kB)
Downloading defusedxml-0.7.1-py2.py3-none-any.whl (25 kB)
Downloading docker-6.1.3-py3-none-any.whl (148 kB)
Downloading einops-0.7.0-py3-none-any.whl (44 kB)
Downloading entrypoints-0.4-py3-none-any.whl (5.3 kB)
Downloading exceptiongroup-1.3.0-py3-none-any.whl (16 kB)
Downloading executing-2.2.1-py2.py3-none-any.whl (28 kB)
Downloading fastjsonschema-2.21.2-py3-none-any.whl (24 kB)
Downloading flask-3.0.0-py3-none-any.whl (99 kB)
Downloading fonttools-4.46.0-cp310-cp310-manylinux_2_17_x86_64.manylinux2014_x86_64.whl (4.6 MB)
   ━━━━━━━━━━━━━━━━━━━━━━━━━━━━━━━━━━━━━━━━ 4.6/4.6 MB 36.6 MB/s  0:00:00
Downloading fqdn-1.5.1-py3-none-any.whl (9.1 kB)
Downloading frozenlist-1.4.0-cp310-cp310-manylinux_2_5_x86_64.manylinux1_x86_64.manylinux_2_17_x86_64.manylinux2014_x86_64.whl (225 kB)
Downloading gitdb-4.0.11-py3-none-any.whl (62 kB)
Downloading smmap-5.0.1-py3-none-any.whl (24 kB)
Downloading GitPython-3.1.40-py3-none-any.whl (190 kB)
Downloading greenlet-3.0.2-cp310-cp310-manylinux_2_24_x86_64.manylinux_2_28_x86_64.whl (613 kB)
   ━━━━━━━━━━━━━━━━━━━━━━━━━━━━━━━━━━━━━━━━ 613.4/613.4 kB 23.1 MB/s  0:00:00
Downloading gunicorn-21.2.0-py3-none-any.whl (80 kB)
Downloading h11-0.16.0-py3-none-any.whl (37 kB)
Downloading httpcore-1.0.9-py3-none-any.whl (78 kB)
Downloading httpx-0.28.1-py3-none-any.whl (73 kB)
Downloading idna-3.6-py3-none-any.whl (61 kB)
Downloading importlib_metadata-7.0.0-py3-none-any.whl (23 kB)
Downloading ipykernel-7.0.1-py3-none-any.whl (118 kB)
Downloading ipython-8.37.0-py3-none-any.whl (831 kB)
   ━━━━━━━━━━━━━━━━━━━━━━━━━━━━━━━━━━━━━━━━ 831.9/831.9 kB 29.2 MB/s  0:00:00
Downloading prompt_toolkit-3.0.52-py3-none-any.whl (391 kB)
Downloading ipywidgets-8.1.7-py3-none-any.whl (139 kB)
Downloading jupyterlab_widgets-3.0.15-py3-none-any.whl (216 kB)
Downloading widgetsnbextension-4.0.14-py3-none-any.whl (2.2 MB)
   ━━━━━━━━━━━━━━━━━━━━━━━━━━━━━━━━━━━━━━━━ 2.2/2.2 MB 34.7 MB/s  0:00:00
Downloading isoduration-20.11.0-py3-none-any.whl (11 kB)
Downloading itsdangerous-2.1.2-py3-none-any.whl (15 kB)
Downloading jedi-0.19.2-py2.py3-none-any.whl (1.6 MB)
   ━━━━━━━━━━━━━━━━━━━━━━━━━━━━━━━━━━━━━━━━ 1.6/1.6 MB 32.7 MB/s  0:00:00
Downloading parso-0.8.5-py2.py3-none-any.whl (106 kB)
Downloading Jinja2-3.1.2-py3-none-any.whl (133 kB)
Downloading joblib-1.3.2-py3-none-any.whl (302 kB)
Downloading json5-0.12.1-py3-none-any.whl (36 kB)
Downloading jsonpointer-3.0.0-py2.py3-none-any.whl (7.6 kB)
Downloading jsonschema-4.25.1-py3-none-any.whl (90 kB)
Downloading jsonschema_specifications-2025.9.1-py3-none-any.whl (18 kB)
Downloading jupyter-1.1.1-py2.py3-none-any.whl (2.7 kB)
Downloading jupyter_console-6.6.3-py3-none-any.whl (24 kB)
Downloading jupyter_events-0.12.0-py3-none-any.whl (19 kB)
Downloading jupyter_lsp-2.3.0-py3-none-any.whl (76 kB)
Downloading jupyter_client-8.6.3-py3-none-any.whl (106 kB)
Downloading jupyter_core-5.9.1-py3-none-any.whl (29 kB)
Downloading jupyter_server-2.17.0-py3-none-any.whl (388 kB)
Downloading jupyter_server_terminals-0.5.3-py3-none-any.whl (13 kB)
Downloading jupyterlab-4.4.10-py3-none-any.whl (12.3 MB)
   ━━━━━━━━━━━━━━━━━━━━━━━━━━━━━━━━━━━━━━━━ 12.3/12.3 MB 40.3 MB/s  0:00:00
Downloading jupyterlab_server-2.28.0-py3-none-any.whl (59 kB)
Downloading jupyterlab_pygments-0.3.0-py3-none-any.whl (15 kB)
Downloading kiwisolver-1.4.5-cp310-cp310-manylinux_2_12_x86_64.manylinux2010_x86_64.whl (1.6 MB)
   ━━━━━━━━━━━━━━━━━━━━━━━━━━━━━━━━━━━━━━━━ 1.6/1.6 MB 35.7 MB/s  0:00:00
Downloading lark-1.3.0-py3-none-any.whl (113 kB)
Downloading Mako-1.3.0-py3-none-any.whl (78 kB)
Downloading Markdown-3.5.1-py3-none-any.whl (102 kB)
Downloading matplotlib-3.8.2-cp310-cp310-manylinux_2_17_x86_64.manylinux2014_x86_64.whl (11.6 MB)
   ━━━━━━━━━━━━━━━━━━━━━━━━━━━━━━━━━━━━━━━━ 11.6/11.6 MB 41.8 MB/s  0:00:00
Downloading matplotlib_inline-0.2.1-py3-none-any.whl (9.5 kB)
Downloading mistune-3.1.4-py3-none-any.whl (53 kB)
Downloading mlflow-2.9.1-py3-none-any.whl (19.1 MB)
   ━━━━━━━━━━━━━━━━━━━━━━━━━━━━━━━━━━━━━━━━ 19.1/19.1 MB 8.0 MB/s  0:00:02
Downloading pandas-2.1.3-cp310-cp310-manylinux_2_17_x86_64.manylinux2014_x86_64.whl (12.3 MB)
   ━━━━━━━━━━━━━━━━━━━━━━━━━━━━━━━━━━━━━━━━ 12.3/12.3 MB 14.2 MB/s  0:00:00
Downloading protobuf-4.25.1-cp37-abi3-manylinux2014_x86_64.whl (294 kB)
Downloading pyarrow-14.0.1-cp310-cp310-manylinux_2_28_x86_64.whl (38.0 MB)
   ━━━━━━━━━━━━━━━━━━━━━━━━━━━━━━━━━━━━━━━━ 38.0/38.0 MB 6.8 MB/s  0:00:05
Downloading pytz-2023.3.post1-py2.py3-none-any.whl (502 kB)
Downloading querystring_parser-1.2.4-py2.py3-none-any.whl (7.9 kB)
Downloading requests-2.31.0-py3-none-any.whl (62 kB)
Downloading scikit_learn-1.3.2-cp310-cp310-manylinux_2_17_x86_64.manylinux2014_x86_64.whl (10.8 MB)
   ━━━━━━━━━━━━━━━━━━━━━━━━━━━━━━━━━━━━━━━━ 10.8/10.8 MB 43.1 MB/s  0:00:00
Downloading scipy-1.11.4-cp310-cp310-manylinux_2_17_x86_64.manylinux2014_x86_64.whl (36.4 MB)
   ━━━━━━━━━━━━━━━━━━━━━━━━━━━━━━━━━━━━━━━━ 36.4/36.4 MB 38.3 MB/s  0:00:00
Downloading SQLAlchemy-2.0.23-cp310-cp310-manylinux_2_17_x86_64.manylinux2014_x86_64.whl (3.0 MB)
   ━━━━━━━━━━━━━━━━━━━━━━━━━━━━━━━━━━━━━━━━ 3.0/3.0 MB 17.5 MB/s  0:00:00
Downloading sqlparse-0.4.4-py3-none-any.whl (41 kB)
Downloading mmsegmentation-0.14.1-py3-none-any.whl (201 kB)
Downloading multiprocess-0.70.15-py310-none-any.whl (134 kB)
Downloading nbclient-0.10.2-py3-none-any.whl (25 kB)
Downloading nbconvert-7.16.6-py3-none-any.whl (258 kB)
Downloading nbformat-5.10.4-py3-none-any.whl (78 kB)
Downloading nest_asyncio-1.6.0-py3-none-any.whl (5.2 kB)
Downloading ninja-1.13.0-py3-none-manylinux2014_x86_64.manylinux_2_17_x86_64.whl (180 kB)
Downloading notebook-7.4.7-py3-none-any.whl (14.3 MB)
   ━━━━━━━━━━━━━━━━━━━━━━━━━━━━━━━━━━━━━━━━ 14.3/14.3 MB 41.9 MB/s  0:00:00
Downloading notebook_shim-0.2.4-py3-none-any.whl (13 kB)
Downloading oauthlib-3.2.2-py3-none-any.whl (151 kB)
Downloading opencv_python-4.8.1.78-cp37-abi3-manylinux_2_17_x86_64.manylinux2014_x86_64.whl (61.7 MB)
   ━━━━━━━━━━━━━━━━━━━━━━━━━━━━━━━━━━━━━━━━ 61.7/61.7 MB 36.1 MB/s  0:00:01
Downloading overrides-7.7.0-py3-none-any.whl (17 kB)
Downloading pandocfilters-1.5.1-py2.py3-none-any.whl (8.7 kB)
Downloading pexpect-4.9.0-py2.py3-none-any.whl (63 kB)
Downloading Pillow-10.1.0-cp310-cp310-manylinux_2_28_x86_64.whl (3.6 MB)
   ━━━━━━━━━━━━━━━━━━━━━━━━━━━━━━━━━━━━━━━━ 3.6/3.6 MB 9.6 MB/s  0:00:00
Downloading platformdirs-4.1.0-py3-none-any.whl (17 kB)
Downloading prettytable-3.9.0-py3-none-any.whl (27 kB)
Downloading prometheus_client-0.23.1-py3-none-any.whl (61 kB)
Downloading psutil-7.1.1-cp36-abi3-manylinux_2_12_x86_64.manylinux2010_x86_64.manylinux_2_17_x86_64.manylinux2014_x86_64.whl (290 kB)
Downloading pure_eval-0.2.3-py3-none-any.whl (11 kB)
Downloading pyarrow_hotfix-0.6-py3-none-any.whl (7.9 kB)
Downloading pycparser-2.23-py3-none-any.whl (118 kB)
Downloading pygments-2.19.2-py3-none-any.whl (1.2 MB)
   ━━━━━━━━━━━━━━━━━━━━━━━━━━━━━━━━━━━━━━━━ 1.2/1.2 MB 35.7 MB/s  0:00:00
Downloading PyJWT-2.8.0-py3-none-any.whl (22 kB)
Downloading pyparsing-3.1.1-py3-none-any.whl (103 kB)
Downloading python_dateutil-2.8.2-py2.py3-none-any.whl (247 kB)
Downloading python_json_logger-4.0.0-py3-none-any.whl (15 kB)
Downloading pytoolconfig-1.3.1-py3-none-any.whl (17 kB)
Downloading pyzmq-27.1.0-cp310-cp310-manylinux_2_26_x86_64.manylinux_2_28_x86_64.whl (854 kB)
   ━━━━━━━━━━━━━━━━━━━━━━━━━━━━━━━━━━━━━━━━ 854.1/854.1 kB 34.6 MB/s  0:00:00
Downloading referencing-0.37.0-py3-none-any.whl (26 kB)
Downloading regex-2023.10.3-cp310-cp310-manylinux_2_17_x86_64.manylinux2014_x86_64.whl (773 kB)
   ━━━━━━━━━━━━━━━━━━━━━━━━━━━━━━━━━━━━━━━━ 773.9/773.9 kB 32.4 MB/s  0:00:00
Downloading rfc3339_validator-0.1.4-py2.py3-none-any.whl (3.5 kB)
Downloading rfc3986_validator-0.1.1-py2.py3-none-any.whl (4.2 kB)
Downloading rfc3987_syntax-1.1.0-py3-none-any.whl (8.0 kB)
Downloading rope-1.14.0-py3-none-any.whl (207 kB)
Downloading rpds_py-0.28.0-cp310-cp310-manylinux_2_17_x86_64.manylinux2014_x86_64.whl (382 kB)
Downloading safetensors-0.4.1-cp310-cp310-manylinux_2_17_x86_64.manylinux2014_x86_64.whl (1.3 MB)
   ━━━━━━━━━━━━━━━━━━━━━━━━━━━━━━━━━━━━━━━━ 1.3/1.3 MB 37.5 MB/s  0:00:00
Downloading Send2Trash-1.8.3-py3-none-any.whl (18 kB)
Downloading sniffio-1.3.1-py3-none-any.whl (10 kB)
Downloading soupsieve-2.8-py3-none-any.whl (36 kB)
Downloading stack_data-0.6.3-py3-none-any.whl (24 kB)
Downloading sympy-1.12-py3-none-any.whl (5.7 MB)
   ━━━━━━━━━━━━━━━━━━━━━━━━━━━━━━━━━━━━━━━━ 5.7/5.7 MB 45.9 MB/s  0:00:00
Downloading tabulate-0.9.0-py3-none-any.whl (35 kB)
Downloading terminado-0.18.1-py3-none-any.whl (14 kB)
Downloading threadpoolctl-3.2.0-py3-none-any.whl (15 kB)
Downloading timm-0.4.12-py3-none-any.whl (376 kB)
Downloading tinycss2-1.4.0-py3-none-any.whl (26 kB)
Downloading tokenizers-0.19.1-cp310-cp310-manylinux_2_17_x86_64.manylinux2014_x86_64.whl (3.6 MB)
   ━━━━━━━━━━━━━━━━━━━━━━━━━━━━━━━━━━━━━━━━ 3.6/3.6 MB 42.6 MB/s  0:00:00
Downloading tornado-6.5.2-cp39-abi3-manylinux_2_5_x86_64.manylinux1_x86_64.manylinux_2_17_x86_64.manylinux2014_x86_64.whl (443 kB)
Downloading tqdm-4.66.1-py3-none-any.whl (78 kB)
Downloading traitlets-5.14.3-py3-none-any.whl (85 kB)
Downloading transformers-4.40.1-py3-none-any.whl (9.0 MB)
   ━━━━━━━━━━━━━━━━━━━━━━━━━━━━━━━━━━━━━━━━ 9.0/9.0 MB 19.4 MB/s  0:00:00
Downloading ttach-0.0.3-py3-none-any.whl (9.8 kB)
Downloading typing_extensions-4.8.0-py3-none-any.whl (31 kB)
Downloading tzdata-2023.3-py2.py3-none-any.whl (341 kB)
Downloading uri_template-1.3.0-py3-none-any.whl (11 kB)
Downloading wcwidth-0.2.12-py2.py3-none-any.whl (34 kB)
Downloading webcolors-24.11.1-py3-none-any.whl (14 kB)
Downloading webencodings-0.5.1-py2.py3-none-any.whl (11 kB)
Downloading websocket_client-1.7.0-py3-none-any.whl (58 kB)
Downloading werkzeug-3.0.1-py3-none-any.whl (226 kB)
Downloading xxhash-3.4.1-cp310-cp310-manylinux_2_17_x86_64.manylinux2014_x86_64.whl (194 kB)
Downloading yapf-0.40.2-py3-none-any.whl (254 kB)
Downloading zipp-3.17.0-py3-none-any.whl (7.4 kB)
Building wheels for collected packages: grad-cam, mmcv, python-hostlist
  Building wheel for grad-cam (pyproject.toml): started
  Building wheel for grad-cam (pyproject.toml): finished with status 'done'
  Created wheel for grad-cam: filename=grad_cam-1.5.5-py3-none-any.whl size=44284 sha256=bed071ddbd00ef3da8f5a9d1f8546a4ad255734be3e6d8a26102ad057ce6ed27
  Stored in directory: /home/caregnatog/.cache/pip/wheels/3d/b6/be/e13cccebb2aa8855f678b02ad449e803de1dfbe75853c34b3e
  Building wheel for mmcv (pyproject.toml): started
  Building wheel for mmcv (pyproject.toml): finished with status 'done'
  Created wheel for mmcv: filename=mmcv-1.3.8-py2.py3-none-any.whl size=451115 sha256=a12786747b5a9de0f97288b4109cd37aa7100f6bc83e5a36d0ab4df89c0868f6
  Stored in directory: /home/caregnatog/.cache/pip/wheels/e5/6d/b8/f51fdd13994b141f943a88961c4a315f0b614b20ab1ba2e2c7
  Building wheel for python-hostlist (pyproject.toml): started
  Building wheel for python-hostlist (pyproject.toml): finished with status 'done'
  Created wheel for python-hostlist: filename=python_hostlist-1.23.0-py3-none-any.whl size=39794 sha256=e708899a143c1f6a507958698baaf4e9a71b55fd2d1dfeb57b422a9f8f4f4af3
  Stored in directory: /home/caregnatog/.cache/pip/wheels/5b/26/b1/e7045c42a5e45e08775e184db42f5e455cba62f906caa80ab1
Successfully built grad-cam mmcv python-hostlist
Installing collected packages: webencodings, wcwidth, pytz, python-hostlist, pure_eval, fastjsonschema, addict, zipp, xxhash, widgetsnbextension, Werkzeug, websocket-client, webcolors, urllib3, uri-template, tzdata, typing_extensions, ttach, traitlets, tqdm, tornado, tinycss2, threadpoolctl, tabulate, sympy, sqlparse, soupsieve, sniffio, smmap, Send2Trash, safetensors, rpds-py, rfc3986-validator, rfc3339-validator, regex, querystring-parser, pyzmq, pytoolconfig, python-json-logger, python-dateutil, pyparsing, PyJWT, Pygments, pycparser, pyarrow-hotfix, psutil, protobuf, prompt_toolkit, prometheus_client, prettytable, platformdirs, Pillow, pexpect, parso, pandocfilters, overrides, oauthlib, numpy, ninja, nest-asyncio, multidict, Markdown, Mako, lark, kiwisolver, jupyterlab_widgets, jupyterlab_pygments, jsonpointer, json5, joblib, Jinja2, itsdangerous, idna, h11, gunicorn, greenlet, fsspec, frozenlist, fqdn, fonttools, executing, entrypoints, einops, dill, defusedxml, decorator, debugpy, cycler, comm, cloudpickle, charset-normalizer, certifi, blinker, bleach, babel, async-timeout, asttokens, yarl, terminado, stack-data, SQLAlchemy, scipy, rfc3987-syntax, requests, referencing, pyarrow, pandas, opencv-python, multiprocess, mistune, matplotlib-inline, jupyter_core, jedi, importlib-metadata, httpcore, gitdb, Flask, exceptiongroup, contourpy, cffi, beautifulsoup4, async-lru, arrow, aiosignal, yapf, scikit-learn, rope, matplotlib, jupyter_server_terminals, jupyter_client, jsonschema-specifications, isoduration, ipython, huggingface-hub, GitPython, docker, databricks-cli, argon2-cffi-bindings, anyio, alembic, aiohttp, tokenizers, timm, mmsegmentation, mmcv, mlflow, jsonschema, ipywidgets, ipykernel, httpx, grad-cam, captum, argon2-cffi, transformers, nbformat, jupyter-console, datasets, nbclient, jupyter-events, nbconvert, jupyter_server, notebook_shim, jupyterlab_server, jupyter-lsp, jupyterlab, notebook, jupyter

Successfully installed Flask-3.0.0 GitPython-3.1.40 Jinja2-3.1.2 Mako-1.3.0 Markdown-3.5.1 Pillow-10.1.0 PyJWT-2.8.0 Pygments-2.19.2 SQLAlchemy-2.0.23 Send2Trash-1.8.3 Werkzeug-3.0.1 addict-2.4.0 aiohttp-3.9.1 aiosignal-1.3.1 alembic-1.13.0 anyio-4.11.0 argon2-cffi-25.1.0 argon2-cffi-bindings-25.1.0 arrow-1.4.0 asttokens-3.0.0 async-lru-2.0.5 async-timeout-4.0.3 babel-2.17.0 beautifulsoup4-4.14.2 bleach-6.2.0 blinker-1.7.0 captum-0.8.0 certifi-2023.11.17 cffi-2.0.0 charset-normalizer-3.3.2 cloudpickle-3.0.0 comm-0.2.3 contourpy-1.2.0 cycler-0.12.1 databricks-cli-0.18.0 datasets-2.14.5 debugpy-1.8.17 decorator-5.2.1 defusedxml-0.7.1 dill-0.3.7 docker-6.1.3 einops-0.7.0 entrypoints-0.4 exceptiongroup-1.3.0 executing-2.2.1 fastjsonschema-2.21.2 fonttools-4.46.0 fqdn-1.5.1 frozenlist-1.4.0 fsspec-2023.6.0 gitdb-4.0.11 grad-cam-1.5.5 greenlet-3.0.2 gunicorn-21.2.0 h11-0.16.0 httpcore-1.0.9 httpx-0.28.1 huggingface-hub-0.19.4 idna-3.6 importlib-metadata-7.0.0 ipykernel-7.0.1 ipython-8.37.0 ipywidgets-8.1.7 isoduration-20.11.0 itsdangerous-2.1.2 jedi-0.19.2 joblib-1.3.2 json5-0.12.1 jsonpointer-3.0.0 jsonschema-4.25.1 jsonschema-specifications-2025.9.1 jupyter-1.1.1 jupyter-console-6.6.3 jupyter-events-0.12.0 jupyter-lsp-2.3.0 jupyter_client-8.6.3 jupyter_core-5.9.1 jupyter_server-2.17.0 jupyter_server_terminals-0.5.3 jupyterlab-4.4.10 jupyterlab_pygments-0.3.0 jupyterlab_server-2.28.0 jupyterlab_widgets-3.0.15 kiwisolver-1.4.5 lark-1.3.0 matplotlib-3.8.2 matplotlib-inline-0.2.1 mistune-3.1.4 mlflow-2.9.1 mmcv-1.3.8 mmsegmentation-0.14.1 multidict-6.0.4 multiprocess-0.70.15 nbclient-0.10.2 nbconvert-7.16.6 nbformat-5.10.4 nest-asyncio-1.6.0 ninja-1.13.0 notebook-7.4.7 notebook_shim-0.2.4 numpy-1.26.2 oauthlib-3.2.2 opencv-python-4.8.1.78 overrides-7.7.0 pandas-2.1.3 pandocfilters-1.5.1 parso-0.8.5 pexpect-4.9.0 platformdirs-4.1.0 prettytable-3.9.0 prometheus_client-0.23.1 prompt_toolkit-3.0.52 protobuf-4.25.1 psutil-7.1.1 pure_eval-0.2.3 pyarrow-14.0.1 pyarrow-hotfix-0.6 pycparser-2.23 pyparsing-3.1.1 python-dateutil-2.8.2 python-hostlist-1.23.0 python-json-logger-4.0.0 pytoolconfig-1.3.1 pytz-2023.3.post1 pyzmq-27.1.0 querystring-parser-1.2.4 referencing-0.37.0 regex-2023.10.3 requests-2.31.0 rfc3339-validator-0.1.4 rfc3986-validator-0.1.1 rfc3987-syntax-1.1.0 rope-1.14.0 rpds-py-0.28.0 safetensors-0.4.1 scikit-learn-1.3.2 scipy-1.11.4 smmap-5.0.1 sniffio-1.3.1 soupsieve-2.8 sqlparse-0.4.4 stack-data-0.6.3 sympy-1.12 tabulate-0.9.0 terminado-0.18.1 threadpoolctl-3.2.0 timm-0.4.12 tinycss2-1.4.0 tokenizers-0.19.1 tornado-6.5.2 tqdm-4.66.1 traitlets-5.14.3 transformers-4.40.1 ttach-0.0.3 typing_extensions-4.8.0 tzdata-2023.3 uri-template-1.3.0 urllib3-2.1.0 wcwidth-0.2.12 webcolors-24.11.1 webencodings-0.5.1 websocket-client-1.7.0 widgetsnbextension-4.0.14 xxhash-3.4.1 yapf-0.40.2 yarl-1.9.4 zipp-3.17.0
