Job started at: Thu Nov 13 22:04:13 CET 2025
Running on host: gpu5.dei.unipd.it
Requirement already satisfied: pip in /home/caregnatog/.local/lib/python3.10/site-packages (25.3)
Requirement already satisfied: Brotli in /opt/conda/lib/python3.10/site-packages (from -r /home/caregnatog/VisionExplainability/requirements2.txt (line 1)) (1.0.9)
Requirement already satisfied: certifi in /home/caregnatog/.local/lib/python3.10/site-packages (from -r /home/caregnatog/VisionExplainability/requirements2.txt (line 2)) (2023.11.17)
Requirement already satisfied: cffi in /home/caregnatog/.local/lib/python3.10/site-packages (from -r /home/caregnatog/VisionExplainability/requirements2.txt (line 3)) (2.0.0)
Requirement already satisfied: charset-normalizer in /home/caregnatog/.local/lib/python3.10/site-packages (from -r /home/caregnatog/VisionExplainability/requirements2.txt (line 4)) (3.3.2)
Collecting contourpy==1.3.2 (from -r /home/caregnatog/VisionExplainability/requirements2.txt (line 5))
  Downloading contourpy-1.3.2-cp310-cp310-manylinux_2_17_x86_64.manylinux2014_x86_64.whl.metadata (5.5 kB)
Requirement already satisfied: cycler==0.12.1 in /home/caregnatog/.local/lib/python3.10/site-packages (from -r /home/caregnatog/VisionExplainability/requirements2.txt (line 6)) (0.12.1)
Requirement already satisfied: filelock in /opt/conda/lib/python3.10/site-packages (from -r /home/caregnatog/VisionExplainability/requirements2.txt (line 7)) (3.13.1)
Collecting fonttools==4.60.1 (from -r /home/caregnatog/VisionExplainability/requirements2.txt (line 8))
  Downloading fonttools-4.60.1-cp310-cp310-manylinux2014_x86_64.manylinux_2_17_x86_64.whl.metadata (112 kB)
Collecting fsspec==2025.10.0 (from -r /home/caregnatog/VisionExplainability/requirements2.txt (line 9))
  Downloading fsspec-2025.10.0-py3-none-any.whl.metadata (10 kB)
Requirement already satisfied: gmpy2 in /opt/conda/lib/python3.10/site-packages (from -r /home/caregnatog/VisionExplainability/requirements2.txt (line 10)) (2.1.2)
Requirement already satisfied: grad-cam==1.5.5 in /home/caregnatog/.local/lib/python3.10/site-packages (from -r /home/caregnatog/VisionExplainability/requirements2.txt (line 11)) (1.5.5)
Collecting h2 (from -r /home/caregnatog/VisionExplainability/requirements2.txt (line 12))
  Downloading h2-4.3.0-py3-none-any.whl.metadata (5.1 kB)
Collecting hpack (from -r /home/caregnatog/VisionExplainability/requirements2.txt (line 13))
  Downloading hpack-4.1.0-py3-none-any.whl.metadata (4.6 kB)
Collecting hyperframe (from -r /home/caregnatog/VisionExplainability/requirements2.txt (line 14))
  Downloading hyperframe-6.1.0-py3-none-any.whl.metadata (4.3 kB)
Requirement already satisfied: idna in /home/caregnatog/.local/lib/python3.10/site-packages (from -r /home/caregnatog/VisionExplainability/requirements2.txt (line 15)) (3.6)
Requirement already satisfied: Jinja2 in /home/caregnatog/.local/lib/python3.10/site-packages (from -r /home/caregnatog/VisionExplainability/requirements2.txt (line 16)) (3.1.2)
Collecting joblib==1.5.2 (from -r /home/caregnatog/VisionExplainability/requirements2.txt (line 17))
  Downloading joblib-1.5.2-py3-none-any.whl.metadata (5.6 kB)
Collecting kiwisolver==1.4.9 (from -r /home/caregnatog/VisionExplainability/requirements2.txt (line 18))
  Downloading kiwisolver-1.4.9-cp310-cp310-manylinux_2_12_x86_64.manylinux2010_x86_64.whl.metadata (6.3 kB)
Requirement already satisfied: MarkupSafe in /opt/conda/lib/python3.10/site-packages (from -r /home/caregnatog/VisionExplainability/requirements2.txt (line 19)) (2.1.3)
Collecting matplotlib==3.10.7 (from -r /home/caregnatog/VisionExplainability/requirements2.txt (line 20))
  Downloading matplotlib-3.10.7-cp310-cp310-manylinux2014_x86_64.manylinux_2_17_x86_64.whl.metadata (11 kB)
Requirement already satisfied: mpmath in /opt/conda/lib/python3.10/site-packages (from -r /home/caregnatog/VisionExplainability/requirements2.txt (line 21)) (1.3.0)
Requirement already satisfied: networkx in /opt/conda/lib/python3.10/site-packages (from -r /home/caregnatog/VisionExplainability/requirements2.txt (line 22)) (3.2.1)
Requirement already satisfied: numpy in /home/caregnatog/.local/lib/python3.10/site-packages (from -r /home/caregnatog/VisionExplainability/requirements2.txt (line 23)) (1.26.2)
Collecting opencv-python-headless==4.12.0.88 (from -r /home/caregnatog/VisionExplainability/requirements2.txt (line 24))
  Downloading opencv_python_headless-4.12.0.88-cp37-abi3-manylinux2014_x86_64.manylinux_2_17_x86_64.whl.metadata (19 kB)
Collecting packaging==25.0 (from -r /home/caregnatog/VisionExplainability/requirements2.txt (line 25))
  Downloading packaging-25.0-py3-none-any.whl.metadata (3.3 kB)
Collecting pandas==2.3.3 (from -r /home/caregnatog/VisionExplainability/requirements2.txt (line 26))
  Downloading pandas-2.3.3-cp310-cp310-manylinux_2_24_x86_64.manylinux_2_28_x86_64.whl.metadata (91 kB)
Collecting Pillow==9.4.0 (from -r /home/caregnatog/VisionExplainability/requirements2.txt (line 27))
  Downloading Pillow-9.4.0-cp310-cp310-manylinux_2_28_x86_64.whl.metadata (9.3 kB)
Requirement already satisfied: pycparser in /home/caregnatog/.local/lib/python3.10/site-packages (from -r /home/caregnatog/VisionExplainability/requirements2.txt (line 28)) (2.23)
Collecting pyparsing==3.2.5 (from -r /home/caregnatog/VisionExplainability/requirements2.txt (line 29))
  Downloading pyparsing-3.2.5-py3-none-any.whl.metadata (5.0 kB)
Requirement already satisfied: PySocks in /opt/conda/lib/python3.10/site-packages (from -r /home/caregnatog/VisionExplainability/requirements2.txt (line 30)) (1.7.1)
Collecting python-dateutil==2.9.0.post0 (from -r /home/caregnatog/VisionExplainability/requirements2.txt (line 31))
  Downloading python_dateutil-2.9.0.post0-py2.py3-none-any.whl.metadata (8.4 kB)
Collecting pytz==2025.2 (from -r /home/caregnatog/VisionExplainability/requirements2.txt (line 32))
  Downloading pytz-2025.2-py2.py3-none-any.whl.metadata (22 kB)
Requirement already satisfied: PyYAML in /opt/conda/lib/python3.10/site-packages (from -r /home/caregnatog/VisionExplainability/requirements2.txt (line 33)) (6.0.1)
Requirement already satisfied: requests in /home/caregnatog/.local/lib/python3.10/site-packages (from -r /home/caregnatog/VisionExplainability/requirements2.txt (line 34)) (2.31.0)
Collecting scikit-learn==1.7.2 (from -r /home/caregnatog/VisionExplainability/requirements2.txt (line 35))
  Downloading scikit_learn-1.7.2-cp310-cp310-manylinux2014_x86_64.manylinux_2_17_x86_64.whl.metadata (11 kB)
Collecting scipy==1.15.3 (from -r /home/caregnatog/VisionExplainability/requirements2.txt (line 36))
  Downloading scipy-1.15.3-cp310-cp310-manylinux_2_17_x86_64.manylinux2014_x86_64.whl.metadata (61 kB)
Collecting six==1.17.0 (from -r /home/caregnatog/VisionExplainability/requirements2.txt (line 37))
  Downloading six-1.17.0-py2.py3-none-any.whl.metadata (1.7 kB)
Collecting sympy==1.13.1 (from -r /home/caregnatog/VisionExplainability/requirements2.txt (line 38))
  Downloading sympy-1.13.1-py3-none-any.whl.metadata (12 kB)
Collecting threadpoolctl==3.6.0 (from -r /home/caregnatog/VisionExplainability/requirements2.txt (line 39))
  Downloading threadpoolctl-3.6.0-py3-none-any.whl.metadata (13 kB)
Collecting tqdm==4.67.1 (from -r /home/caregnatog/VisionExplainability/requirements2.txt (line 40))
  Downloading tqdm-4.67.1-py3-none-any.whl.metadata (57 kB)
Requirement already satisfied: ttach==0.0.3 in /home/caregnatog/.local/lib/python3.10/site-packages (from -r /home/caregnatog/VisionExplainability/requirements2.txt (line 41)) (0.0.3)
Requirement already satisfied: typing_extensions in /home/caregnatog/.local/lib/python3.10/site-packages (from -r /home/caregnatog/VisionExplainability/requirements2.txt (line 42)) (4.8.0)
Collecting tzdata==2025.2 (from -r /home/caregnatog/VisionExplainability/requirements2.txt (line 43))
  Downloading tzdata-2025.2-py2.py3-none-any.whl.metadata (1.4 kB)
Requirement already satisfied: urllib3 in /home/caregnatog/.local/lib/python3.10/site-packages (from -r /home/caregnatog/VisionExplainability/requirements2.txt (line 44)) (2.1.0)
Collecting zstandard==0.25.0 (from -r /home/caregnatog/VisionExplainability/requirements2.txt (line 45))
  Downloading zstandard-0.25.0-cp310-cp310-manylinux2014_x86_64.manylinux_2_17_x86_64.whl.metadata (3.3 kB)
Requirement already satisfied: torch>=1.7.1 in /opt/conda/lib/python3.10/site-packages (from grad-cam==1.5.5->-r /home/caregnatog/VisionExplainability/requirements2.txt (line 11)) (2.3.1)
Requirement already satisfied: torchvision>=0.8.2 in /opt/conda/lib/python3.10/site-packages (from grad-cam==1.5.5->-r /home/caregnatog/VisionExplainability/requirements2.txt (line 11)) (0.18.1)
Requirement already satisfied: opencv-python in /home/caregnatog/.local/lib/python3.10/site-packages (from grad-cam==1.5.5->-r /home/caregnatog/VisionExplainability/requirements2.txt (line 11)) (4.8.1.78)
Collecting numpy (from -r /home/caregnatog/VisionExplainability/requirements2.txt (line 23))
  Downloading numpy-2.2.6-cp310-cp310-manylinux_2_17_x86_64.manylinux2014_x86_64.whl.metadata (62 kB)
Downloading contourpy-1.3.2-cp310-cp310-manylinux_2_17_x86_64.manylinux2014_x86_64.whl (325 kB)
Downloading fonttools-4.60.1-cp310-cp310-manylinux2014_x86_64.manylinux_2_17_x86_64.whl (4.8 MB)
   ━━━━━━━━━━━━━━━━━━━━━━━━━━━━━━━━━━━━━━━━ 4.8/4.8 MB 18.3 MB/s  0:00:00
Downloading fsspec-2025.10.0-py3-none-any.whl (200 kB)
Downloading joblib-1.5.2-py3-none-any.whl (308 kB)
Downloading kiwisolver-1.4.9-cp310-cp310-manylinux_2_12_x86_64.manylinux2010_x86_64.whl (1.6 MB)
   ━━━━━━━━━━━━━━━━━━━━━━━━━━━━━━━━━━━━━━━━ 1.6/1.6 MB 44.1 MB/s  0:00:00
Downloading matplotlib-3.10.7-cp310-cp310-manylinux2014_x86_64.manylinux_2_17_x86_64.whl (8.7 MB)
   ━━━━━━━━━━━━━━━━━━━━━━━━━━━━━━━━━━━━━━━━ 8.7/8.7 MB 44.2 MB/s  0:00:00
Downloading opencv_python_headless-4.12.0.88-cp37-abi3-manylinux2014_x86_64.manylinux_2_17_x86_64.whl (54.0 MB)
   ━━━━━━━━━━━━━━━━━━━━━━━━━━━━━━━━━━━━━━━━ 54.0/54.0 MB 47.5 MB/s  0:00:01
Downloading packaging-25.0-py3-none-any.whl (66 kB)
Downloading pandas-2.3.3-cp310-cp310-manylinux_2_24_x86_64.manylinux_2_28_x86_64.whl (12.8 MB)
   ━━━━━━━━━━━━━━━━━━━━━━━━━━━━━━━━━━━━━━━━ 12.8/12.8 MB 50.0 MB/s  0:00:00
Downloading Pillow-9.4.0-cp310-cp310-manylinux_2_28_x86_64.whl (3.4 MB)
   ━━━━━━━━━━━━━━━━━━━━━━━━━━━━━━━━━━━━━━━━ 3.4/3.4 MB 48.2 MB/s  0:00:00
Downloading pyparsing-3.2.5-py3-none-any.whl (113 kB)
Downloading python_dateutil-2.9.0.post0-py2.py3-none-any.whl (229 kB)
Downloading pytz-2025.2-py2.py3-none-any.whl (509 kB)
Downloading scikit_learn-1.7.2-cp310-cp310-manylinux2014_x86_64.manylinux_2_17_x86_64.whl (9.7 MB)
   ━━━━━━━━━━━━━━━━━━━━━━━━━━━━━━━━━━━━━━━━ 9.7/9.7 MB 49.9 MB/s  0:00:00
Downloading scipy-1.15.3-cp310-cp310-manylinux_2_17_x86_64.manylinux2014_x86_64.whl (37.7 MB)
   ━━━━━━━━━━━━━━━━━━━━━━━━━━━━━━━━━━━━━━━━ 37.7/37.7 MB 44.0 MB/s  0:00:00
Downloading six-1.17.0-py2.py3-none-any.whl (11 kB)
Downloading sympy-1.13.1-py3-none-any.whl (6.2 MB)
   ━━━━━━━━━━━━━━━━━━━━━━━━━━━━━━━━━━━━━━━━ 6.2/6.2 MB 38.7 MB/s  0:00:00
Downloading threadpoolctl-3.6.0-py3-none-any.whl (18 kB)
Downloading tqdm-4.67.1-py3-none-any.whl (78 kB)
Downloading tzdata-2025.2-py2.py3-none-any.whl (347 kB)
Downloading zstandard-0.25.0-cp310-cp310-manylinux2014_x86_64.manylinux_2_17_x86_64.whl (5.6 MB)
   ━━━━━━━━━━━━━━━━━━━━━━━━━━━━━━━━━━━━━━━━ 5.6/5.6 MB 38.1 MB/s  0:00:00
Downloading numpy-2.2.6-cp310-cp310-manylinux_2_17_x86_64.manylinux2014_x86_64.whl (16.8 MB)
   ━━━━━━━━━━━━━━━━━━━━━━━━━━━━━━━━━━━━━━━━ 16.8/16.8 MB 39.3 MB/s  0:00:00
Downloading h2-4.3.0-py3-none-any.whl (61 kB)
Downloading hpack-4.1.0-py3-none-any.whl (34 kB)
Downloading hyperframe-6.1.0-py3-none-any.whl (13 kB)
Installing collected packages: pytz, zstandard, tzdata, tqdm, threadpoolctl, sympy, six, pyparsing, Pillow, packaging, numpy, kiwisolver, joblib, hyperframe, hpack, fsspec, fonttools, scipy, python-dateutil, opencv-python-headless, h2, contourpy, scikit-learn, pandas, matplotlib
  Attempting uninstall: pytz
    Found existing installation: pytz 2023.3.post1
    Uninstalling pytz-2023.3.post1:
      Successfully uninstalled pytz-2023.3.post1
  Attempting uninstall: tzdata
    Found existing installation: tzdata 2023.3
    Uninstalling tzdata-2023.3:
      Successfully uninstalled tzdata-2023.3
  Attempting uninstall: tqdm
    Found existing installation: tqdm 4.66.1
    Uninstalling tqdm-4.66.1:
      Successfully uninstalled tqdm-4.66.1
  Attempting uninstall: threadpoolctl
    Found existing installation: threadpoolctl 3.2.0
    Uninstalling threadpoolctl-3.2.0:
      Successfully uninstalled threadpoolctl-3.2.0
  Attempting uninstall: sympy
    Found existing installation: sympy 1.12
    Uninstalling sympy-1.12:
      Successfully uninstalled sympy-1.12
  Attempting uninstall: pyparsing
    Found existing installation: pyparsing 3.1.1
    Uninstalling pyparsing-3.1.1:
      Successfully uninstalled pyparsing-3.1.1
  Attempting uninstall: Pillow
    Found existing installation: Pillow 10.1.0
    Uninstalling Pillow-10.1.0:
      Successfully uninstalled Pillow-10.1.0
  Attempting uninstall: numpy
    Found existing installation: numpy 1.26.2
    Uninstalling numpy-1.26.2:
      Successfully uninstalled numpy-1.26.2
  Attempting uninstall: kiwisolver
    Found existing installation: kiwisolver 1.4.5
    Uninstalling kiwisolver-1.4.5:
      Successfully uninstalled kiwisolver-1.4.5
  Attempting uninstall: joblib
    Found existing installation: joblib 1.3.2
    Uninstalling joblib-1.3.2:
      Successfully uninstalled joblib-1.3.2
  Attempting uninstall: fsspec
    Found existing installation: fsspec 2023.6.0
    Uninstalling fsspec-2023.6.0:
      Successfully uninstalled fsspec-2023.6.0
  Attempting uninstall: fonttools
    Found existing installation: fonttools 4.46.0
    Uninstalling fonttools-4.46.0:
      Successfully uninstalled fonttools-4.46.0
  Attempting uninstall: scipy
    Found existing installation: scipy 1.11.4
    Uninstalling scipy-1.11.4:
      Successfully uninstalled scipy-1.11.4
  Attempting uninstall: python-dateutil
    Found existing installation: python-dateutil 2.8.2
    Uninstalling python-dateutil-2.8.2:
      Successfully uninstalled python-dateutil-2.8.2
  Attempting uninstall: opencv-python-headless
    Found existing installation: opencv-python-headless 4.8.1.78
    Uninstalling opencv-python-headless-4.8.1.78:
      Successfully uninstalled opencv-python-headless-4.8.1.78
  Attempting uninstall: contourpy
    Found existing installation: contourpy 1.2.0
    Uninstalling contourpy-1.2.0:
      Successfully uninstalled contourpy-1.2.0
  Attempting uninstall: scikit-learn
    Found existing installation: scikit-learn 1.3.2
    Uninstalling scikit-learn-1.3.2:
      Successfully uninstalled scikit-learn-1.3.2
  Attempting uninstall: pandas
    Found existing installation: pandas 2.1.3
    Uninstalling pandas-2.1.3:
      Successfully uninstalled pandas-2.1.3
  Attempting uninstall: matplotlib
    Found existing installation: matplotlib 3.8.2
    Uninstalling matplotlib-3.8.2:
      Successfully uninstalled matplotlib-3.8.2

Successfully installed Pillow-9.4.0 contourpy-1.3.2 fonttools-4.60.1 fsspec-2025.10.0 h2-4.3.0 hpack-4.1.0 hyperframe-6.1.0 joblib-1.5.2 kiwisolver-1.4.9 matplotlib-3.10.7 numpy-2.2.6 opencv-python-headless-4.12.0.88 packaging-25.0 pandas-2.3.3 pyparsing-3.2.5 python-dateutil-2.9.0.post0 pytz-2025.2 scikit-learn-1.7.2 scipy-1.15.3 six-1.17.0 sympy-1.13.1 threadpoolctl-3.6.0 tqdm-4.67.1 tzdata-2025.2 zstandard-0.25.0
